00:00:30 INFO - Run as scripts/scripts/desktop_unittest.py --cfg unittests/win_unittest.py --mochitest-suite plain-gpu,chrome-gpu,browser-chrome-gpu --e10s --blob-upload-branch mozilla-esr52 --download-symbols true
00:00:30 INFO - --DOMWINDOW == 8 (00000091485F6800) [pid = 2492] [serial = 8] [outer = 0000000000000000] [url = about:blank]
00:00:30 INFO - ++DOMWINDOW == 12 (00000054F17D2800) [pid = 3604] [serial = 12] [outer = 00000054EFAE3000]
00:00:30 INFO -  'MOZBUILDDIR': 'C:\\mozilla-build\\',
00:00:30 INFO -  'LOGONSERVER': '\\\\T-W864-IX-019',
00:00:30 INFO -  'PATHEXT': '.COM;.EXE;.BAT;.CMD;.VBS;.VBE;.JS;.JSE;.WSF;.WSH;.MSC',
00:00:30 INFO -  	Todo: 0
00:00:30 INFO - Initializing context 0000004619C7A000 surface 000000460F9F7F00 on display 00000046171B00E0
00:00:31 INFO - ==> process 2492 launched child process 636 ("C:\slave\test\build\application\firefox\firefox.exe" -contentproc --channel="2492.0.1631294350\428247733" -greomni "C:\slave\test\build\application\firefox\omni.ja" -appomni "C:\slave\test\build\application\firefox\browser\omni.ja" -appdir "C:\slave\test\build\application\firefox\browser"  2492 "\\.\pipe\gecko-crash-server-pipe.2492" tab)
00:00:31 INFO -  'HOMEDRIVE': 'C:',
00:00:31 INFO - ++DOMWINDOW == 8 (00000076406B4000) [pid = 2596] [serial = 8] [outer = 0000000000000000]
00:00:31 INFO - [Parent 2260] WARNING: pipe error: 109: file c:/builds/moz2_slave/m-esr52-w64-d-0000000000000000/build/src/ipc/chromium/src/chrome/common/ipc_channel_win.cc, line 345
00:00:31 INFO -  'SLAVEDIR': 'C:\\slave\\',
00:00:31 INFO -    Running setup.py install for mozinfo: started
00:00:31 INFO -  'HOMEPATH': '\\Users\\cltbld.T-W864-IX-019.001',
00:00:31 INFO - TEST-OK | dom/imptests/html/webgl/test_texImage2D.html | took 232ms
00:00:31 INFO - SimpleTest FINISHED
00:00:31 INFO - Destroying context 0000009C1B56F000 surface 0000009C1B3319C0 on display 0000009C13C453D0
00:00:32 INFO - ++DOMWINDOW == 3 (000000D23F546000) [pid = 2712] [serial = 3] [outer = 000000D23BEB5000]
00:00:32 INFO -  'MOZ_CRASHREPORTER_NO_REPORT': '1',
00:00:32 INFO - SimpleTest FINISHED
00:00:32 INFO - ++DOMWINDOW == 5 (000000B0B600F000) [pid = 1284] [serial = 5] [outer = 0000000000000000]
00:00:32 INFO -  'WINDIR': 'C:\\windows',
00:00:32 INFO -  'HOMEDRIVE': 'C:',
00:00:32 INFO -  'PROGRAMW6432': 'C:\\Program Files',
00:00:32 INFO -                           'plain': (),
00:00:32 INFO - ++DOCSHELL 000000C7854DF800 == 5 [pid = 3536] [id = 7]
00:00:32 INFO -  'PATH': 'C:\\Program Files (x86)\\NVIDIA Corporation\\PhysX\\Common;C:\\windows\\system32;C:\\windows;C:\\windows\\System32\\Wbem;C:\\windows\\System32\\WindowsPowerShell\\v1.0\\;C:\\mozilla-build\\python27;C:\\mozilla-build\\python27\\Scripts;C:\\mozilla-build\\msys\\bin;C:\\mozilla-build\\vim\\vim72;C:\\mozilla-build\\wget;C:\\mozilla-build\\info-zip;C:\\CoreUtils\\bin;C:\\mozilla-build\\buildbotve\\scripts;C:\\mozilla-build\\hg',
00:00:33 INFO - TEST-PASS | leakcheck | default process: no leaks detected!
00:00:33 INFO -  => mAllocCount:          33854
00:00:33 INFO -  (blobuploader) - INFO - Done attempting.
00:00:33 INFO -  => mShareCount:         105536
00:00:33 INFO -  dir: gfx/tests/mochitest
00:00:33 INFO -  'FP_NO_HOST_CHECK': 'NO',
00:00:33 INFO - Return code: 0
00:00:33 INFO -  'exe_suffix': '.exe',
00:00:33 INFO - [Parent 2492] WARNING: '!compMgr', file c:/builds/moz2_slave/m-esr52-w64-d-0000000000000000/build/src/xpcom/glue/nsComponentManagerUtils.cpp, line 63
00:00:33 INFO -  'HOMEDRIVE': 'C:',
00:00:34 INFO - [Parent 2260] WARNING: NS_ENSURE_TRUE(maybeContext) failed: file c:/builds/moz2_slave/m-esr52-w64-d-0000000000000000/build/src/xpcom/threads/nsThread.cpp, line 977
00:00:34 INFO -  'log_level': 'info',
00:00:34 INFO - --DOMWINDOW == 5 (0000009C17BAB000) [pid = 3964] [serial = 3] [outer = 0000000000000000] [url = about:blank]
00:00:34 INFO - SUITE-START | Running 1 tests
00:00:34 INFO - mkdir: C:\slave\test\build\upload\logs
00:00:34 INFO -     "product": "firefox",
00:00:34 INFO - [Parent 3536] WARNING: NS_ENSURE_TRUE(maybeContext) failed: file c:/builds/moz2_slave/m-esr52-w64-d-0000000000000000/build/src/xpcom/threads/nsThread.cpp, line 977
00:00:34 INFO - Destroying context 0000009C1B52E000 surface 0000009C1B331780 on display 0000009C13C453D0
00:00:34 INFO -  'OS': 'Windows_NT',
00:00:35 INFO - Stack: exports.WebGLPrimitiveCounter<.destroy@resource://gre/modules/commonjs/toolkit/loader.js -> resource://devtools/server/primitive.js:32:5
00:00:35 INFO - ==> process 3604 launched child process 2824 ("C:\slave\test\build\application\firefox\firefox.exe" -contentproc --channel="3604.0.1088233304\1168990431" -greomni "C:\slave\test\build\application\firefox\omni.ja" -appomni "C:\slave\test\build\application\firefox\browser\omni.ja" -appdir "C:\slave\test\build\application\firefox\browser"  3604 "\\.\pipe\gecko-crash-server-pipe.3604" tab)
00:00:35 INFO - TEST-INFO | leakcheck | tab process: leak threshold set at 10000 bytes
00:00:35 INFO -  'PROCESSOR_LEVEL': '6',
00:00:35 INFO - --DOMWINDOW == 10 (000000B0B57B7800) [pid = 1284] [serial = 21] [outer = 0000000000000000] [url = about:blank]
00:00:35 INFO -    Requirement already satisfied (use --upgrade to upgrade): mozprocess==0.23 from file:///C:/slave/test/build/tests/mozbase/mozprocess in c:\slave\test\build\venv\lib\site-packages (from -r C:\slave\test\build\tests\config\mozbase_requirements.txt (line 12))
00:00:35 INFO - ++DOMWINDOW == 1 (000000C788E27000) [pid = 3536] [serial = 1] [outer = 0000000000000000]
00:00:35 INFO - ++DOMWINDOW == 6 (000000A141003800) [pid = 3952] [serial = 6] [outer = 000000A13A73A800]
00:00:35 INFO - onClosed/<@resource://gre/modules/commonjs/toolkit/loader.js -> resource://devtools/server/main.js:1843:35
00:00:35 INFO -  'PROGRAMDATA': 'C:\\ProgramData',
00:00:36 INFO - SimpleTest FINISHED
00:00:36 INFO - ### XPCOM_MEM_BLOAT_LOG defined -- logging bloat/leaks to c:\users\cltbld~1.001\appdata\local\temp\tmpyldnxh.mozrunner\runtests_leaks_tab_pid2056.log
00:00:36 INFO - Stopping ssltunnel
00:00:36 INFO - [Child 3952] WARNING: We can't support non-premultiplied alpha for video!: '(aSurfaceFlags & SFE_PREFER_NO_PREMULTIPLY_ALPHA) == 0', file c:/builds/moz2_slave/m-esr52-w64-d-0000000000000000/build/src/layout/base/nsLayoutUtils.cpp, line 7243
00:00:36 INFO - Expected file size: 80508665
00:00:36 INFO - --DOMWINDOW == 15 (000000DF9BDA9800) [pid = 296] [serial = 18] [outer = 0000000000000000] [url = about:blank]
00:00:36 INFO - --DOMWINDOW == 32 (00000046178A7000) [pid = 840] [serial = 14] [outer = 0000000000000000] [url = about:blank]
00:00:36 INFO -    Requirement already satisfied (use --upgrade to upgrade): moznetwork==0.27 from file:///C:/slave/test/build/tests/mozbase/moznetwork in c:\slave\test\build\venv\lib\site-packages (from -r C:\slave\test\build\tests\config\mozbase_requirements.txt (line 11))
00:00:36 INFO -  'PSMODULEPATH': 'C:\\windows\\system32\\WindowsPowerShell\\v1.0\\Modules\\',
00:00:36 INFO - console.error:
00:00:37 INFO -  'OURDRIVE': 'C:',
00:00:37 INFO -  'PROGRAMDATA': 'C:\\ProgramData',
00:00:37 INFO - --DOMWINDOW == 1 (000000D2436A4800) [pid = 2712] [serial = 10] [outer = 0000000000000000] [url = about:blank]
00:00:37 INFO -  (blobuploader) - INFO - TinderboxPrint: <a href='https://mozilla-releng-blobs.s3.amazonaws.com/blobs/mozilla-esr52/sha512/9eff9cc8fe0e6b2cfc18679926dd17145f34a34f6acb07d32698e8130defad6bf50dcc3969cc0baff676c7de4a2617632a8fb6f9981a99ec45628a09fb8ce3d1'>chrome-gpu_errorsummary.log</a>: uploaded
00:00:37 INFO - Buffered messages finished
00:00:37 INFO -  'MOZBUILDDIR': 'C:\\mozilla-build\\',
00:00:37 INFO -      |                                      | Per-Inst   Leaked|   Total      Rem|
00:00:37 INFO -  Ignoring indexes: https://pypi.python.org/simple
00:00:37 INFO - ++DOMWINDOW == 13 (000000B0BDED8000) [pid = 1284] [serial = 13] [outer = 0000000000000000]
00:00:38 INFO - TinderboxPrint: I/O read bytes / time<br/>14,183,424 / 431,610
00:00:38 INFO - Writing to file C:\slave\test\properties\blobber_files
00:00:38 INFO - Running pre-action listener: _resource_record_pre_action
00:00:38 INFO -
00:00:38 INFO - --DOMWINDOW == 9 (000000B0B9D03800) [pid = 1284] [serial = 9] [outer = 0000000000000000] [url = about:blank]
00:00:38 INFO -     "pgo_build": "False",
00:00:38 INFO - ++DOMWINDOW == 5 (000000D23BFBA000) [pid = 2712] [serial = 5] [outer = 000000D23F559800]
00:00:38 INFO -  'USERPROFILE': 'C:\\Users\\cltbld.T-W864-IX-019.001',
00:00:38 INFO - # TBPL SUCCESS #
00:00:38 INFO -  'HOMEPATH': '\\Users\\cltbld.T-W864-IX-019.001',
00:00:39 INFO - TEST-START | devtools/client/canvasdebugger/test/browser_profiling-webgl.js
00:00:39 INFO -  'MOZ_HIDE_RESULTS_TABLE': '1',
00:00:39 INFO - --DOMWINDOW == 10 (00000054E5E12800) [pid = 3604] [serial = 2] [outer = 0000000000000000] [url = about:blank]
00:00:39 INFO -  Requirement already satisfied (use --upgrade to upgrade): functools32==3.2.3-2 in c:\slave\test\build\venv\lib\site-packages
00:00:39 INFO -  'PROPERTIES_FILE': 'C:\\slave\\test/buildprops.json',
00:00:39 INFO - Using the following test package requirements:
00:00:39 INFO - Todo:    0
00:00:39 INFO -  'TEMP': 'C:\\Users\\CLTBLD~1.001\\AppData\\Local\\Temp',
00:00:39 INFO -  'PROCESSOR_REVISION': '1e05',
00:00:39 INFO - retry: Calling run_command with args: [['C:\\slave\\test\\build\\venv\\Scripts\\pip', 'install', '--timeout', '120', '--no-index', '--find-links', 'http://pypi.pvt.build.mozilla.org/pub', '--find-links', 'http://pypi.pub.build.mozilla.org/pub', '--trusted-host', 'pypi.pub.build.mozilla.org', '--trusted-host', 'pypi.pvt.build.mozilla.org', 'jsonschema==2.5.1']], kwargs: {'error_level': 'warning', 'error_list': [{'substr': 'not found or a compiler error:', 'level': 'warning'}, {'regex': <_sre.SRE_Pattern object at 0x022D23A0>, 'level': 'error'}, {'regex': <_sre.SRE_Pattern object at 0x023C2020>, 'level': 'warning'}, {'regex': <_sre.SRE_Pattern object at 0x0233D880>, 'level': 'debug'}, {'substr': 'command not found', 'level': 'error'}, {'regex': <_sre.SRE_Pattern object at 0x02374758>, 'level': 'warning'}, {'substr': 'Traceback (most recent call last)', 'level': 'error'}, {'substr': 'SyntaxError: ', 'level': 'error'}, {'substr': 'TypeError: ', 'level': 'error'}, {'substr': 'NameError: ', 'level': 'error'}, {'substr': 'ZeroDivisionError: ', 'level': 'error'}, {'regex': <_sre.SRE_Pattern object at 0x01DDAB20>, 'level': 'critical'}, {'regex': <_sre.SRE_Pattern object at 0x02392660>, 'level': 'critical'}], 'cwd': 'C:\\slave\\test\\build', 'env': {'TMP': 'C:\\Users\\CLTBLD~1.001\\AppData\\Local\\Temp', 'TEST1': 'testie', 'COMPUTERNAME': 'T-W864-IX-019', 'USERDOMAIN': 'T-W864-IX-019', 'KTS_VERSION': '1.19c', 'PSMODULEPATH': 'C:\\windows\\system32\\WindowsPowerShell\\v1.0\\Modules\\', 'COMMONPROGRAMFILES': 'C:\\Program Files (x86)\\Common Files', 'PROCESSOR_IDENTIFIER': 'Intel64 Family 6 Model 30 Stepping 5, GenuineIntel', 'PROGRAMFILES': 'C:\\Program Files (x86)', 'PROCESSOR_REVISION': '1e05', 'DNSSUFFIX': 'wintest.releng.scl3.mozilla.com', 'SYSTEMROOT': 'C:\\windows', 'NO_EM_RESTART': '1', 'PROGRAMFILES(X86)': 'C:\\Program Files (x86)', 'OURDRIVE': 'C:', 'MOZ_HIDE_RESULTS_TABLE': '1', 'XPCOM_DEBUG_BREAK': 'warn', 'MONDIR': 'C:\\Monitor_config\\', 'TEMP': 'C:\\Users\\CLTBLD~1.001\\AppData\\Local\\Temp', 'COMMONPROGRAMFILES(X86)': 'C:\\Program Files (x86)\\Common Files', 'RUNLOGFILE': 'C:\\slave\\\\runslave.log', 'PROCESSOR_ARCHITECTURE': 'x86', 'ALLUSERSPROFILE': 'C:\\ProgramData', 'USERPROFILE': 'C:\\Users\\cltbld.T-W864-IX-019.001', 'LOCALAPPDATA': 'C:\\Users\\cltbld.T-W864-IX-019.001\\AppData\\Local', 'HOMEPATH': '\\Users\\cltbld.T-W864-IX-019.001', 'USERDOMAIN_ROAMINGPROFILE': 'T-W864-IX-019', 'MOZBUILDDIR': 'C:\\mozilla-build\\', 'PROGRAMW6432': 'C:\\Program Files', 'USERNAME': 'cltbld', 'LOGONSERVER': '\\\\T-W864-IX-019', 'MOZ_NO_REMOTE': '1', 'COMSPEC': 'C:\\windows\\system32\\cmd.exe', 'PROGRAMDATA': 'C:\\ProgramData', 'PROPERTIES_FILE': 'C:\\slave\\test/buildprops.json', 'PATH': 'C:\\Program Files (x86)\\NVIDIA Corporation\\PhysX\\Common;C:\\windows\\system32;C:\\windows;C:\\windows\\System32\\Wbem;C:\\windows\\System32\\WindowsPowerShell\\v1.0\\;C:\\mozilla-build\\python27;C:\\mozilla-build\\python27\\Scripts;C:\\mozilla-build\\msys\\bin;C:\\mozilla-build\\vim\\vim72;C:\\mozilla-build\\wget;C:\\mozilla-build\\info-zip;C:\\CoreUtils\\bin;C:\\mozilla-build\\buildbotve\\scripts;C:\\mozilla-build\\hg', 'PROMPT': '$P$G', 'NO_FAIL_ON_TEST_ERRORS': '1', 'PATHEXT': '.COM;.EXE;.BAT;.CMD;.VBS;.VBE;.JS;.JSE;.WSF;.WSH;.MSC', 'FP_NO_HOST_CHECK': 'NO', 'DCLOCATION': 'SCL3', 'APPDATA': 'C:\\Users\\cltbld.T-W864-IX-019.001\\AppData\\Roaming', 'HOMEDRIVE': 'C:', 'SYSTEMDRIVE': 'C:', 'SLAVEDIR': 'C:\\slave\\', 'NUMBER_OF_PROCESSORS': '8', 'PWD': 'C:\\slave\\test', 'PROCESSOR_LEVEL': '6', 'KTS_HOME': 'C:\\Program Files\\KTS', 'PROCESSOR_ARCHITEW6432': 'AMD64', 'MOZ_CRASHREPORTER_NO_REPORT': '1', 'COMMONPROGRAMW6432': 'C:\\Program Files\\Common Files', 'OS': 'Windows_NT', 'PUBLIC': 'C:\\Users\\Public', 'WINDIR': 'C:\\windows'}}, attempt #1
00:00:40 INFO - --DOMWINDOW == 13 (00000054E36BB000) [pid = 3604] [serial = 17] [outer = 0000000000000000] [url = about:blank]
00:00:40 INFO -  Couldn't convert chrome URL: chrome://branding/locale/brand.properties
00:00:40 INFO -  'KTS_VERSION': '1.19c',
00:00:40 INFO - --DOMWINDOW == 6 (000000A13DD18800) [pid = 3952] [serial = 14] [outer = 0000000000000000] [url = about:blank]
00:00:40 INFO -      |<----------------Class--------------->|<-----Bytes------>|<----Objects---->|
00:00:40 INFO - --DOCSHELL 000000914185D800 == 3 [pid = 2492] [id = 2]
00:00:40 INFO - --DOMWINDOW == 0 (00000003C993F000) [pid = 3752] [serial = 3] [outer = 0000000000000000] [url = chrome://gfxsanity/content/sanitytest.html]
00:00:40 INFO -
00:00:41 INFO -  'USERDOMAIN': 'T-W864-IX-019',
00:00:41 INFO - {u'common': [u'firefox-52.8.2.en-US.win64.common.tests.zip'],
00:00:41 INFO - Expected file size: 19457855
00:00:41 INFO - [Child 2712] WARNING: NS_ENSURE_SUCCESS(rv, rv) failed with result 0x80004005: file c:/builds/moz2_slave/m-esr52-w64-d-0000000000000000/build/src/toolkit/xre/nsXREDirProvider.cpp, line 1703
00:00:41 INFO - --DOMWINDOW == 11 (000000B1E01AC800) [pid = 2260] [serial = 14] [outer = 0000000000000000] [url = data:application/vnd.mozilla.xul+xml;charset=utf-8,<window%20id='win'/>]
00:00:41 INFO - TEST-INFO | leakcheck | plugin process: leak threshold set at 0 bytes
00:00:41 INFO - ++DOCSHELL 000000B0AD79E000 == 10 [pid = 1284] [id = 11]
00:00:41 INFO -  Processing c:\slave\test\build\tests\mozbase\moztest
00:00:41 INFO -  'PROGRAMFILES(X86)': 'C:\\Program Files (x86)',
00:00:41 INFO - --DOMWINDOW == 7 (00000054F0B73000) [pid = 3604] [serial = 10] [outer = 0000000000000000] [url = about:blank]
00:00:42 INFO - ++DOCSHELL 000000E30BF30000 == 7 [pid = 1292] [id = 8]
00:00:42 INFO -  'minimum_tests_zip_dirs': ('bin/*',
00:00:42 INFO - [Child 3952] WARNING: We can't support non-premultiplied alpha for video!: '(aSurfaceFlags & SFE_PREFER_NO_PREMULTIPLY_ALPHA) == 0', file c:/builds/moz2_slave/m-esr52-w64-d-0000000000000000/build/src/layout/base/nsLayoutUtils.cpp, line 7243
00:00:42 INFO -  [3688] WARNING: Could not get the program name for a cubeb stream.: 'NS_SUCCEEDED(rv)', file c:/builds/moz2_slave/m-esr52-w64-d-0000000000000000/build/src/dom/media/CubebUtils.cpp, line 203
00:00:42 INFO - ++DOMWINDOW == 13 (000000DF9BA67800) [pid = 296] [serial = 13] [outer = 000000DF93D9C000]
00:00:42 INFO - Destroying context 000000A13E76C000 surface 000000A13A06BA00 on display 000000A141FBF4F0
00:00:42 INFO -  Requirement already satisfied (use --upgrade to upgrade): passlib==1.6.5 in c:\slave\test\build\venv\lib\site-packages (from -r C:\slave\test\build\tests\mochitest\websocketprocessbridge\websocketprocessbridge_requirements.txt (line 13))
00:00:42 INFO - TEST-INFO | started process Main app process
00:00:42 INFO -  Successfully installed mock-1.0.1
00:00:42 INFO - TEST-INFO | leakcheck | tab process: leak threshold set at 10000 bytes
00:00:43 INFO -  'DNSSUFFIX': 'wintest.releng.scl3.mozilla.com',
00:00:43 INFO -  'PROCESSOR_LEVEL': '6',
00:00:43 INFO -     "platform": "win64",
00:00:43 INFO -  'OURDRIVE': 'C:',
00:00:43 INFO -  'PWD': 'C:\\slave\\test',
00:00:43 INFO -  Requirement already satisfied (use --upgrade to upgrade): mozinfo in c:\slave\test\build\venv\lib\site-packages (from mozdebug==0.1->-r C:\slave\test\build\tests\config\mozbase_requirements.txt (line 3))
00:00:43 INFO -  'SYSTEMROOT': 'C:\\windows',
00:00:43 INFO - [Parent 3604] WARNING: Failed to retarget HTML data delivery to the parser thread.: file c:/builds/moz2_slave/m-esr52-w64-d-0000000000000000/build/src/parser/html/nsHtml5StreamParser.cpp, line 970
00:00:43 INFO -    Requirement already satisfied (use --upgrade to upgrade): mozprofile==0.28 from file:///C:/slave/test/build/tests/mozbase/mozprofile in c:\slave\test\build\venv\lib\site-packages (from -r C:\slave\test\build\tests\config\mozbase_requirements.txt (line 13))
00:00:44 INFO - SimpleTest FINISHED
00:00:44 INFO -  => mReallocCount:         6829
00:00:44 INFO - runtests.py | Application ran for: 0:00:22.038000
00:00:44 INFO -  'USERDOMAIN_ROAMINGPROFILE': 'T-W864-IX-019',
00:00:44 INFO - onClosed@resource://gre/modules/commonjs/toolkit/loader.js -> resource://devtools/server/main.js:1843:5
00:00:44 INFO - TEST-START | dom/canvas/test/test_offscreencanvas_serviceworker.html
00:00:44 INFO -  Processing c:\slave\test\build\tests\mozbase\mozscreenshot
00:00:44 INFO -    Requirement already satisfied (use --upgrade to upgrade): mozcrash==1.0 from file:///C:/slave/test/build/tests/mozbase/mozcrash in c:\slave\test\build\venv\lib\site-packages (from -r C:\slave\test\build\tests\config\mozbase_requirements.txt (line 2))
00:00:44 INFO - --DOMWINDOW == 5 (000000B1ECE86000) [pid = 2260] [serial = 12] [outer = 0000000000000000] [url = about:blank]
00:00:44 INFO - console.error:
00:00:45 INFO -                                      'testsdir': 'mochitest'},
00:00:45 INFO - ++DOMWINDOW == 15 (00000054E2FA6000) [pid = 3604] [serial = 15] [outer = 00000054E2FA1800]
00:00:45 INFO - JavaScript warning: http://mochi.test:8888/tests/dom/canvas/test/crossorigin/test_webgl_crossorigin_textures.html, line 48: Error: WebGL: texImage2D: Conversion requires pixel reformatting.
00:00:45 INFO - runtests.py | Running with e10s: True
00:00:45 INFO -  (blobuploader) - INFO - Using https://blobupload.elasticbeanstalk.com
00:00:45 INFO -  'HOMEDRIVE': 'C:',
00:00:45 INFO -  'MOZ_CRASHREPORTER_NO_REPORT': '1',
00:00:45 INFO -  mozprofile.addons WARNING | Could not install C:\slave\test\build\tests\mochitest\extensions\mozscreenshots: [Errno 2] No such file or directory: 'C:\\slave\\test\\build\\tests\\mochitest\\extensions\\mozscreenshots\\install.rdf'
00:00:45 INFO -  => mAdoptFreeCount:       7335
00:00:45 INFO -  'COMMONPROGRAMFILES': 'C:\\Program Files (x86)\\Common Files',
00:00:46 INFO - Failed:  0
00:00:46 INFO -  'COMMONPROGRAMFILES': 'C:\\Program Files (x86)\\Common Files',
00:00:46 INFO -    Requirement already satisfied (use --upgrade to upgrade): mozdevice==0.48 from file:///C:/slave/test/build/tests/mozbase/mozdevice in c:\slave\test\build\venv\lib\site-packages (from -r C:\slave\test\build\tests\config\mozbase_requirements.txt (line 4))
00:00:46 INFO - Reading from file tmpfile_stdout
00:00:46 INFO -  'PROGRAMFILES(X86)': 'C:\\Program Files (x86)',
00:00:46 INFO -  'MOZBUILDDIR': 'C:\\mozilla-build\\',
00:00:46 INFO -
00:00:46 INFO -  'APPDATA': 'C:\\Users\\cltbld.T-W864-IX-019.001\\AppData\\Roaming',
00:00:46 INFO -  Ignoring indexes: https://pypi.python.org/simple
00:00:47 INFO -  'PROCESSOR_ARCHITEW6432': 'AMD64',
00:00:47 INFO - --DOMWINDOW == 2 (0000009C1A403800) [pid = 3964] [serial = 6] [outer = 0000000000000000] [url = about:blank]
00:00:47 INFO -  'XPCOM_DEBUG_BREAK': 'warn'}
00:00:47 INFO - [Parent 2596] WARNING: '!compMgr', file c:/builds/moz2_slave/m-esr52-w64-d-0000000000000000/build/src/xpcom/glue/nsComponentManagerUtils.cpp, line 63
00:00:47 INFO - ++DOMWINDOW == 5 (000000B0B600F000) [pid = 1284] [serial = 5] [outer = 0000000000000000]
00:00:47 INFO -                                    'run_filename': 'runtestlist.py',
00:00:47 INFO - Installing pip>=1.5 into virtualenv C:\slave\test\build\venv
00:00:47 INFO -  'RUNLOGFILE': 'C:\\slave\\\\runslave.log',
00:00:47 INFO - --DOMWINDOW == 16 (000000DF93CF9000) [pid = 296] [serial = 2] [outer = 0000000000000000] [url = about:blank]
00:00:47 INFO - TEST-PASS | leakcheck | default process: no leaks detected!
00:00:48 INFO - Return code: 0
00:00:48 INFO - [Parent 2260] WARNING: '!compMgr', file c:/builds/moz2_slave/m-esr52-w64-d-0000000000000000/build/src/xpcom/glue/nsComponentManagerUtils.cpp, line 63
00:00:48 INFO - retry: Calling fetch_url_into_memory with args: (), kwargs: {'url': u'https://queue.taskcluster.net/v1/task/acVApQY7SSOE_FmIluQs4g/artifacts/public/build/firefox-52.8.2.en-US.win64.mochitest.tests.zip'}, attempt #1
00:00:48 INFO - nsTraceRefcnt::DumpStatistics: 901 entries
00:00:48 INFO -    Requirement already satisfied (use --upgrade to upgrade): moztest==0.8 from file:///C:/slave/test/build/tests/mozbase/moztest in c:\slave\test\build\venv\lib\site-packages (from -r C:\slave\test\build\tests\config\mozbase_requirements.txt (line 16))
00:00:48 INFO - exports.makeInfallible/<@resource://gre/modules/commonjs/toolkit/loader.js -> resource://devtools/shared/ThreadSafeDevToolsUtils.js:101:14
00:00:48 INFO -  'PROGRAMW6432': 'C:\\Program Files',
00:00:48 INFO - ++DOMWINDOW == 4 (000000B1E5A67000) [pid = 2260] [serial = 4] [outer = 000000B1E5A66000]
00:00:48 INFO -  'HOMEPATH': '\\Users\\cltbld.T-W864-IX-019.001',
00:00:49 INFO - ++DOMWINDOW == 7 (000000A14100E000) [pid = 3952] [serial = 7] [outer = 000000A13A73A800]
00:00:49 INFO - --DOMWINDOW == 17 (000000B0AE722800) [pid = 1284] [serial = 30] [outer = 0000000000000000] [url = about:blank]
00:00:49 INFO -  'KTS_HOME': 'C:\\Program Files\\KTS',
00:00:49 INFO - Line: 32, column: 5
00:00:49 INFO - checking window state
00:00:49 INFO - ++DOMWINDOW == 30 (00000046160F3000) [pid = 840] [serial = 30] [outer = 00000046160E3800]
00:00:49 INFO - [Parent 1292] WARNING: pipe error: 109: file c:/builds/moz2_slave/m-esr52-w64-d-0000000000000000/build/src/ipc/chromium/src/chrome/common/ipc_channel_win.cc, line 345
00:00:49 INFO - Reading from file tmpfile_stdout
00:00:49 INFO -     "pgo_build": "False",
00:00:49 INFO - onClosed@resource://gre/modules/commonjs/toolkit/loader.js -> resource://devtools/server/main.js:1843:5
00:00:50 INFO -
00:00:50 INFO -  Requirement already satisfied (use --upgrade to upgrade): mozfile>=1.0 in c:\slave\test\build\venv\lib\site-packages (from mozcrash==1.0->-r C:\slave\test\build\tests\config\mozbase_requirements.txt (line 2))
00:00:50 INFO - ++DOCSHELL 000000764179E800 == 6 [pid = 2596] [id = 6]
00:00:50 INFO -  => mFreeCount:           19872
00:00:50 INFO - [Parent 2492] WARNING: 'NS_FAILED(RemovePermissionChangeObserver())', file c:/builds/moz2_slave/m-esr52-w64-d-0000000000000000/build/src/dom/notification/Notification.cpp, line 669
00:00:50 INFO - zombiecheck | Reading PID log: c:\users\cltbld~1.001\appdata\local\temp\tmpyo83uapidlog
00:00:50 INFO -  Installing collected packages: simplejson
00:00:50 INFO - --DOCSHELL 000000E3131C8800 == 4 [pid = 1292] [id = 4]
00:00:50 INFO -
00:00:50 INFO - ++DOMWINDOW == 8 (000000E3156F2800) [pid = 1292] [serial = 8] [outer = 0000000000000000]
00:00:51 INFO - --DOMWINDOW == 32 (00000046178A7000) [pid = 840] [serial = 14] [outer = 0000000000000000] [url = about:blank]
00:00:51 INFO - --DOMWINDOW == 0 (0000003ADDC23800) [pid = 2824] [serial = 3] [outer = 0000000000000000] [url = chrome://gfxsanity/content/sanitytest.html]
00:00:51 INFO -  (blobuploader) - INFO - Uploading C:\slave\test\build\blobber_upload_dir\chrome-gpu_raw.log ...
00:00:51 INFO - --DOMWINDOW == 1 (000000B0BDEE4800) [pid = 1284] [serial = 14] [outer = 0000000000000000] [url = about:blank]
00:00:51 INFO -  'MOZ_CRASHREPORTER_NO_REPORT': '1',
00:00:51 INFO -  Collecting simplejson
00:00:51 INFO -  'PROMPT': '$P$G',
00:00:51 INFO -                                                  '--certificate-path=tests/certs',
00:00:51 INFO -  'MONDIR': 'C:\\Monitor_config\\',
00:00:52 INFO -
00:00:52 INFO - ++DOMWINDOW == 11 (000000C7941BF000) [pid = 3536] [serial = 11] [outer = 000000C793D65800]
00:00:52 INFO - ++DOMWINDOW == 17 (000000B1E01C1000) [pid = 2260] [serial = 17] [outer = 0000000000000000]
00:00:52 INFO -  'PROCESSOR_ARCHITEW6432': 'AMD64',
00:00:52 INFO -  INFO - File integrity verified, renaming tmpeyxre_ to node-win32.exe
00:00:52 INFO -  'NO_EM_RESTART': '1',
00:00:52 INFO - --DOCSHELL 000000B0BA419800 == 4 [pid = 1284] [id = 6]
00:00:52 INFO - [Child 296] WARNING: pipe error: 109: file c:/builds/moz2_slave/m-esr52-w64-d-0000000000000000/build/src/ipc/chromium/src/chrome/common/ipc_channel_win.cc, line 345
00:00:52 INFO -  'TEST1': 'testie',
00:00:52 INFO -                           'jetpack-package-clipboard': ('--flavor=jetpack-package',
00:00:53 INFO - --DOCSHELL 00000046160F4000 == 6 [pid = 840] [id = 5]
00:00:53 INFO - --DOMWINDOW == 7 (000000E3107BC800) [pid = 1292] [serial = 14] [outer = 0000000000000000] [url = chrome://mochikit/content/browser-harness.xul]
00:00:53 INFO -    Running setup.py bdist_wheel for browsermob-proxy: finished with status 'done'
00:00:53 INFO -  'PROPERTIES_FILE': 'C:\\slave\\test/buildprops.json',
00:00:53 INFO - JavaScript warning: http://mochi.test:8888/tests/dom/canvas/test/crossorigin/test_video_crossorigin.html, line 93: Error: WebGL: texImage2D: Failed to hit GPU-copy fast-path. Falling back to CPU upload.
00:00:53 INFO -  'PWD': 'C:\\slave\\test',
00:00:53 INFO - TEST-START | dom/imptests/html/webgl/test_texImage2D.html
00:00:53 INFO -  'MOZBUILDDIR': 'C:\\mozilla-build\\',
00:00:53 INFO - ++DOMWINDOW == 2 (000000C4857C1000) [pid = 636] [serial = 2] [outer = 000000C4857B2000]
00:00:53 INFO - ++DOMWINDOW == 9 (000000B0B9D03800) [pid = 1284] [serial = 9] [outer = 000000B0B5D8A800]
00:00:54 INFO -  (blobuploader) - INFO - Done attempting.
00:00:54 INFO - == BloatView: ALL (cumulative) LEAK AND BLOAT STATISTICS, tab process 840
00:00:54 INFO - MochitestServer : launching [u'C:\\slave\\test\\build\\tests\\bin\\xpcshell.exe', '-g', 'C:\\slave\\test\\build\\application\\firefox', '-v', '170', '-f', 'C:\\slave\\test\\build\\tests\\bin\\components\\httpd.js', '-e', "const _PROFILE_PATH = 'c:\\\\users\\\\cltbld~1.001\\\\appdata\\\\local\\\\temp\\\\tmpmcxge_.mozrunner'; const _SERVER_PORT = '8888'; const _SERVER_ADDR = '127.0.0.1'; const _TEST_PREFIX = undefined; const _DISPLAY_RESULTS = false;", '-f', 'C:\\slave\\test\\build\\tests\\mochitest\\server.js']
00:00:54 INFO - Stopping ssltunnel
00:00:54 INFO -    Requirement already satisfied (use --upgrade to upgrade): mozinfo==0.9 from file:///C:/slave/test/build/tests/mozbase/mozinfo in c:\slave\test\build\venv\lib\site-packages (from -r C:\slave\test\build\tests\config\mozbase_requirements.txt (line 7))
00:00:54 INFO -  => mShareCount:         106355
00:00:54 INFO - TEST-START | Shutdown
00:00:54 INFO -  => mAdoptCount:           8765
00:00:54 INFO - JavaScript warning: chrome://mochitests/content/chrome/dom/canvas/test/chrome/test_webgl_debug_renderer_info.html, line 48: Error: WebGL: getParameter: parameter: invalid enum value <enum 0x9245>
00:00:55 INFO -                                                    '--xre-path=%(abs_app_dir)s'),
00:00:55 INFO -  => mAllocCount:          15691
00:00:55 INFO - ++DOCSHELL 000000261E8DA800 == 1 [pid = 3192] [id = 1]
00:00:55 INFO - Initializing context 000000B0C12C1000 surface 000000B0AE7BF2C0 on display 000000B0AD7E5B20
00:00:55 INFO -  'PROGRAMFILES(X86)': 'C:\\Program Files (x86)',
00:00:55 INFO - Copy/paste: c:\mozilla-build\python27\python.exe C:/mozilla-build/tooltool.py --url https://api.pub.build.mozilla.org/tooltool/ --authentication-file c:\builds\relengapi.tok fetch -m C:\slave\test\build\tests\config/tooltool-manifests/win32/nodejs.manifest -o
00:00:55 INFO - ++DOCSHELL 0000004609245000 == 4 [pid = 840] [id = 4]
00:00:55 INFO - Return code: 0
00:00:55 INFO -  'DNSSUFFIX': 'wintest.releng.scl3.mozilla.com',
00:00:55 INFO - Stopping web server
00:00:56 INFO -  => mShareCount:         106355
00:00:56 INFO - --DOMWINDOW == 3 (00000076406B4000) [pid = 2596] [serial = 8] [outer = 0000000000000000] [url = about:blank]
00:00:56 INFO - --DOMWINDOW == 13 (000000C78D80C800) [pid = 3536] [serial = 5] [outer = 0000000000000000] [url = chrome://browser/content/browser.xul]
00:00:56 INFO -  'PROGRAMFILES(X86)': 'C:\\Program Files (x86)',
00:00:56 INFO -  'COMSPEC': 'C:\\windows\\system32\\cmd.exe',
00:00:56 INFO -                           'chrome': ('--flavor=chrome',),
00:00:56 INFO -   firefox-puppeteer == 52.1.0
00:00:56 INFO -  'PROCESSOR_ARCHITEW6432': 'AMD64',
00:00:56 INFO -  3 INFO Todo:    0
00:00:57 INFO - ++DOMWINDOW == 2 (000000C4857C1000) [pid = 636] [serial = 2] [outer = 000000C4857B2000]
00:00:57 INFO - --DOMWINDOW == 4 (000000E3156F2800) [pid = 1292] [serial = 8] [outer = 0000000000000000] [url = about:blank]
00:00:57 INFO -  'PSMODULEPATH': 'C:\\windows\\system32\\WindowsPowerShell\\v1.0\\Modules\\',
00:00:57 INFO -  (blobuploader) - INFO - Uploading C:\slave\test\build\blobber_upload_dir\resource-usage.json ...
00:00:57 INFO -
00:00:57 INFO -  'PROCESSOR_ARCHITECTURE': 'x86',
00:00:57 INFO - Buffered messages finished
00:00:57 INFO - Getting output from command: ['C:\\slave\\test/build/venv/scripts/python', 'C:\\slave\\test/build/venv/scripts/mozinstall-script.py', '-h']
00:00:57 INFO -    Requirement already satisfied (use --upgrade to upgrade): mozversion==1.4 from file:///C:/slave/test/build/tests/mozbase/mozversion in c:\slave\test\build\venv\lib\site-packages (from -r C:\slave\test\build\tests\config\mozbase_requirements.txt (line 17))
00:00:57 INFO - [Parent 2260] WARNING: 'NS_FAILED(rv)', file c:/builds/moz2_slave/m-esr52-w64-d-0000000000000000/build/src/netwerk/cache2/CacheFileChunk.cpp, line 460
00:00:58 INFO -    Requirement already satisfied (use --upgrade to upgrade): mozprocess==0.23 from file:///C:/slave/test/build/tests/mozbase/mozprocess in c:\slave\test\build\venv\lib\site-packages (from -r C:\slave\test\build\tests\config\mozbase_requirements.txt (line 12))
00:00:58 INFO -    Requirement already satisfied (use --upgrade to upgrade): moznetwork==0.27 from file:///C:/slave/test/build/tests/mozbase/moznetwork in c:\slave\test\build\venv\lib\site-packages (from -r C:\slave\test\build\tests\config\mozbase_requirements.txt (line 11))
00:00:58 INFO -  [340] WARNING: Could not get the program name for a cubeb stream.: 'NS_SUCCEEDED(rv)', file c:/builds/moz2_slave/m-esr52-w64-d-0000000000000000/build/src/dom/media/CubebUtils.cpp, line 203
00:00:58 INFO -  'APPDATA': 'C:\\Users\\cltbld.T-W864-IX-019.001\\AppData\\Roaming',
00:00:58 INFO - ++DOMWINDOW == 14 (00000076343B1800) [pid = 2596] [serial = 14] [outer = 0000000000000000]
00:00:58 INFO -  'PATH': 'C:\\Program Files (x86)\\NVIDIA Corporation\\PhysX\\Common;C:\\windows\\system32;C:\\windows;C:\\windows\\System32\\Wbem;C:\\windows\\System32\\WindowsPowerShell\\v1.0\\;C:\\mozilla-build\\python27;C:\\mozilla-build\\python27\\Scripts;C:\\mozilla-build\\msys\\bin;C:\\mozilla-build\\vim\\vim72;C:\\mozilla-build\\wget;C:\\mozilla-build\\info-zip;C:\\CoreUtils\\bin;C:\\mozilla-build\\buildbotve\\scripts;C:\\mozilla-build\\hg',
00:00:58 INFO - ++DOMWINDOW == 3 (000000B1E5A66000) [pid = 2260] [serial = 3] [outer = 0000000000000000]
00:00:58 INFO - Using env: {'ALLUSERSPROFILE': 'C:\\ProgramData',
00:00:58 INFO - ### XPCOM_MEM_BLOAT_LOG defined -- logging bloat/leaks to c:\users\cltbld~1.001\appdata\local\temp\tmphq045y.mozrunner\runtests_leaks.log
00:00:58 INFO -  'COMMONPROGRAMFILES(X86)': 'C:\\Program Files (x86)\\Common Files',
00:00:59 INFO - [Child 840] WARNING: NS_ENSURE_TRUE(ParseTypeAttribute(type, &version)) failed: file c:/builds/moz2_slave/m-esr52-w64-d-0000000000000000/build/src/dom/base/nsScriptLoader.cpp, line 1448
00:00:59 INFO - Running command: ['c:\\mozilla-build\\python27\\python.exe', 'C:/mozilla-build/tooltool.py', '--url', 'https://api.pub.build.mozilla.org/tooltool/', '--authentication-file', 'c:\\builds\\relengapi.tok', 'fetch', '-m', 'C:\\slave\\test\\build\\tests\\config/tooltool-manifests/win32/nodejs.manifest', '-o'] in C:\slave\test\build
00:00:59 INFO -  => mAdoptCount:            748
00:00:59 INFO -  'DCLOCATION': 'SCL3',
00:00:59 INFO -  Successfully installed functools32-3.2.3.post2 jsonschema-2.5.1
00:00:59 INFO -  Requirement already satisfied (use --upgrade to upgrade): txws==0.9.1 in c:\slave\test\build\venv\lib\site-packages (from -r C:\slave\test\build\tests\mochitest\websocketprocessbridge\websocketprocessbridge_requirements.txt (line 7))
00:00:59 INFO - Stopping web socket server
00:00:59 INFO -    Running setup.py install for firefox-puppeteer: started
00:00:59 INFO -  'XPCOM_DEBUG_BREAK': 'warn'}
00:01:00 INFO -                                  'run_filename': 'rungtests.py'},
00:01:00 INFO - --DOMWINDOW == 17 (000000B1E6F1F000) [pid = 2260] [serial = 6] [outer = 0000000000000000] [url = about:blank]
00:01:00 INFO - --DOMWINDOW == 10 (000000C7854E3000) [pid = 3536] [serial = 15] [outer = 0000000000000000] [url = about:blank]
00:01:00 INFO -  'PROGRAMW6432': 'C:\\Program Files',
00:01:00 INFO -  'NO_FAIL_ON_TEST_ERRORS': '1',
00:01:00 INFO -  'PROCESSOR_ARCHITEW6432': 'AMD64',
00:01:00 INFO -  'USERDOMAIN_ROAMINGPROFILE': 'T-W864-IX-019',
00:01:00 INFO - --DOMWINDOW == 27 (0000004618EC7800) [pid = 840] [serial = 18] [outer = 0000000000000000] [url = about:blank]
00:01:00 INFO -                           'browser-chrome-clipboard': ('--flavor=browser',
00:01:00 INFO -  Processing c:\slave\test\build\tests\tools\wptserve
00:01:01 INFO - --DOMWINDOW == 2 (000000B1EDA54000) [pid = 2260] [serial = 11] [outer = 0000000000000000] [url = about:blank]
00:01:01 INFO - --DOMWINDOW == 1 (000000C7941BF000) [pid = 3536] [serial = 11] [outer = 0000000000000000] [url = about:blank]
00:01:01 INFO - SUITE-START | Running 21 tests
00:01:01 INFO -      Running setup.py install for manifestparser: finished with status 'done'
00:01:01 INFO -  'PROGRAMW6432': 'C:\\Program Files',
00:01:01 INFO - --DOMWINDOW == 6 (000000A13DD18800) [pid = 3952] [serial = 14] [outer = 0000000000000000] [url = about:blank]
00:01:01 INFO -  => mAdoptCount:            748
00:01:01 INFO -  'TEMP': 'C:\\Users\\CLTBLD~1.001\\AppData\\Local\\Temp',
00:01:01 INFO -  'MOZ_HIDE_RESULTS_TABLE': '1',
00:01:01 INFO - [1284] WARNING: Failed to load startupcache file correctly, removing!: file c:/builds/moz2_slave/m-esr52-w64-d-0000000000000000/build/src/startupcache/StartupCache.cpp, line 219
00:01:02 INFO - [Child 840] WARNING: pipe error: 109: file c:/builds/moz2_slave/m-esr52-w64-d-0000000000000000/build/src/ipc/chromium/src/chrome/common/ipc_channel_win.cc, line 345
00:01:02 INFO - [Parent 1292] WARNING: getting z level of unregistered window: file c:/builds/moz2_slave/m-esr52-w64-d-0000000000000000/build/src/xpfe/appshell/nsWindowMediator.cpp, line 623
00:01:02 INFO -    Requirement already satisfied (use --upgrade to upgrade): mozInstall==1.12 from file:///C:/slave/test/build/tests/mozbase/mozinstall in c:\slave\test\build\venv\lib\site-packages (from -r C:\slave\test\build\tests\config\mozbase_requirements.txt (line 8))
00:01:02 INFO - TEST-START | dom/canvas/test/chrome/test_webgl_debug_renderer_info.html
00:01:02 INFO -  'XPCOM_DEBUG_BREAK': 'warn'}
00:01:02 INFO -  'PROMPT': '$P$G',
00:01:02 INFO -      |<----------------Class--------------->|<-----Bytes------>|<----Objects---->|
00:01:02 INFO - # TBPL SUCCESS #
00:01:02 INFO - MEMORY STAT | vsize 1778MB | vsizeMaxContiguous 6929654MB | residentFast 254MB | heapAllocated 79MB
00:01:03 INFO - Line: 32, column: 5
00:01:03 INFO -  'USERDOMAIN': 'T-W864-IX-019',
00:01:03 INFO - ++DOCSHELL 000000A13A6DB800 == 1 [pid = 3952] [id = 1]
00:01:03 INFO - Using _rmtree_windows ...
00:01:03 INFO - ++DOMWINDOW == 11 (0000007641BD6800) [pid = 2596] [serial = 11] [outer = 000000764179F000]
00:01:03 INFO - Return code: 0
00:01:03 INFO - [1284] WARNING: '!compMgr', file c:/builds/moz2_slave/m-esr52-w64-d-0000000000000000/build/src/xpcom/glue/nsComponentManagerUtils.cpp, line 63
00:01:03 INFO -  'KTS_HOME': 'C:\\Program Files\\KTS',
00:01:03 INFO - ++DOMWINDOW == 17 (000000DF9BDA1000) [pid = 296] [serial = 17] [outer = 000000DF93D9C000]
00:01:03 INFO -  'PROCESSOR_LEVEL': '6',
00:01:04 INFO - Running pre-action listener: _resource_record_pre_action
00:01:04 INFO -  'PROPERTIES_FILE': 'C:\\slave\\test/buildprops.json',
00:01:04 INFO - Failed:  0
00:01:04 INFO - retry: Calling run_command with args: [['C:\\slave\\test\\build\\venv\\Scripts\\pip', 'install', '--timeout', '120', '-r', 'C:\\slave\\test\\build\\tests\\mochitest\\websocketprocessbridge\\websocketprocessbridge_requirements.txt', '--no-index', '--find-links', 'http://pypi.pvt.build.mozilla.org/pub', '--find-links', 'http://pypi.pub.build.mozilla.org/pub', '--trusted-host', 'pypi.pub.build.mozilla.org', '--trusted-host', 'pypi.pvt.build.mozilla.org']], kwargs: {'error_level': 'warning', 'error_list': [{'substr': 'not found or a compiler error:', 'level': 'warning'}, {'regex': <_sre.SRE_Pattern object at 0x022D23A0>, 'level': 'error'}, {'regex': <_sre.SRE_Pattern object at 0x023C2020>, 'level': 'warning'}, {'regex': <_sre.SRE_Pattern object at 0x0233D880>, 'level': 'debug'}, {'substr': 'command not found', 'level': 'error'}, {'regex': <_sre.SRE_Pattern object at 0x02374758>, 'level': 'warning'}, {'substr': 'Traceback (most recent call last)', 'level': 'error'}, {'substr': 'SyntaxError: ', 'level': 'error'}, {'substr': 'TypeError: ', 'level': 'error'}, {'substr': 'NameError: ', 'level': 'error'}, {'substr': 'ZeroDivisionError: ', 'level': 'error'}, {'regex': <_sre.SRE_Pattern object at 0x01DDAB20>, 'level': 'critical'}, {'regex': <_sre.SRE_Pattern object at 0x02392660>, 'level': 'critical'}], 'cwd': 'C:\\slave\\test\\build\\tests\\mochitest\\websocketprocessbridge', 'env': {'TMP': 'C:\\Users\\CLTBLD~1.001\\AppData\\Local\\Temp', 'TEST1': 'testie', 'COMPUTERNAME': 'T-W864-IX-019', 'USERDOMAIN': 'T-W864-IX-019', 'KTS_VERSION': '1.19c', 'PSMODULEPATH': 'C:\\windows\\system32\\WindowsPowerShell\\v1.0\\Modules\\', 'COMMONPROGRAMFILES': 'C:\\Program Files (x86)\\Common Files', 'PROCESSOR_IDENTIFIER': 'Intel64 Family 6 Model 30 Stepping 5, GenuineIntel', 'PROGRAMFILES': 'C:\\Program Files (x86)', 'PROCESSOR_REVISION': '1e05', 'DNSSUFFIX': 'wintest.releng.scl3.mozilla.com', 'SYSTEMROOT': 'C:\\windows', 'NO_EM_RESTART': '1', 'PROGRAMFILES(X86)': 'C:\\Program Files (x86)', 'OURDRIVE': 'C:', 'MOZ_HIDE_RESULTS_TABLE': '1', 'XPCOM_DEBUG_BREAK': 'warn', 'MONDIR': 'C:\\Monitor_config\\', 'TEMP': 'C:\\Users\\CLTBLD~1.001\\AppData\\Local\\Temp', 'COMMONPROGRAMFILES(X86)': 'C:\\Program Files (x86)\\Common Files', 'RUNLOGFILE': 'C:\\slave\\\\runslave.log', 'PROCESSOR_ARCHITECTURE': 'x86', 'ALLUSERSPROFILE': 'C:\\ProgramData', 'USERPROFILE': 'C:\\Users\\cltbld.T-W864-IX-019.001', 'LOCALAPPDATA': 'C:\\Users\\cltbld.T-W864-IX-019.001\\AppData\\Local', 'HOMEPATH': '\\Users\\cltbld.T-W864-IX-019.001', 'USERDOMAIN_ROAMINGPROFILE': 'T-W864-IX-019', 'MOZBUILDDIR': 'C:\\mozilla-build\\', 'PROGRAMW6432': 'C:\\Program Files', 'USERNAME': 'cltbld', 'LOGONSERVER': '\\\\T-W864-IX-019', 'MOZ_NO_REMOTE': '1', 'COMSPEC': 'C:\\windows\\system32\\cmd.exe', 'PROGRAMDATA': 'C:\\ProgramData', 'PROPERTIES_FILE': 'C:\\slave\\test/buildprops.json', 'PATH': 'C:\\Program Files (x86)\\NVIDIA Corporation\\PhysX\\Common;C:\\windows\\system32;C:\\windows;C:\\windows\\System32\\Wbem;C:\\windows\\System32\\WindowsPowerShell\\v1.0\\;C:\\mozilla-build\\python27;C:\\mozilla-build\\python27\\Scripts;C:\\mozilla-build\\msys\\bin;C:\\mozilla-build\\vim\\vim72;C:\\mozilla-build\\wget;C:\\mozilla-build\\info-zip;C:\\CoreUtils\\bin;C:\\mozilla-build\\buildbotve\\scripts;C:\\mozilla-build\\hg', 'PROMPT': '$P$G', 'NO_FAIL_ON_TEST_ERRORS': '1', 'PATHEXT': '.COM;.EXE;.BAT;.CMD;.VBS;.VBE;.JS;.JSE;.WSF;.WSH;.MSC', 'FP_NO_HOST_CHECK': 'NO', 'DCLOCATION': 'SCL3', 'APPDATA': 'C:\\Users\\cltbld.T-W864-IX-019.001\\AppData\\Roaming', 'HOMEDRIVE': 'C:', 'SYSTEMDRIVE': 'C:', 'SLAVEDIR': 'C:\\slave\\', 'NUMBER_OF_PROCESSORS': '8', 'PWD': 'C:\\slave\\test', 'PROCESSOR_LEVEL': '6', 'KTS_HOME': 'C:\\Program Files\\KTS', 'PROCESSOR_ARCHITEW6432': 'AMD64', 'MOZ_CRASHREPORTER_NO_REPORT': '1', 'COMMONPROGRAMW6432': 'C:\\Program Files\\Common Files', 'OS': 'Windows_NT', 'PUBLIC': 'C:\\Users\\Public', 'WINDIR': 'C:\\windows'}}, attempt #1
00:01:04 INFO -  'PATHEXT': '.COM;.EXE;.BAT;.CMD;.VBS;.VBE;.JS;.JSE;.WSF;.WSH;.MSC',
00:01:04 INFO - [Child 3952] WARNING: We can't support non-premultiplied alpha for video!: '(aSurfaceFlags & SFE_PREFER_NO_PREMULTIPLY_ALPHA) == 0', file c:/builds/moz2_slave/m-esr52-w64-d-0000000000000000/build/src/layout/base/nsLayoutUtils.cpp, line 7243
00:01:04 INFO -     "scheduler": "tests-mozilla-esr52-win8_64-debug-unittest",
00:01:04 INFO -  Collecting six==1.10.0
00:01:04 INFO - ++DOMWINDOW == 7 (0000009C1A40E800) [pid = 3964] [serial = 7] [outer = 0000009C13B4C000]
00:01:04 INFO - runtests.py | Websocket server pid: 3404
00:01:05 INFO -  'all_jittest_suites': {'jittest': ()},
00:01:05 INFO - JavaScript warning: http://mochi.test:8888/tests/dom/canvas/test/crossorigin/test_video_crossorigin.html, line 93: Error: WebGL: texImage2D: Failed to hit GPU-copy fast-path. Falling back to CPU upload.
00:01:05 INFO -  'NUMBER_OF_PROCESSORS': '8',
00:01:05 INFO - [Parent 2260] WARNING: NS_ENSURE_TRUE(maybeContext) failed: file c:/builds/moz2_slave/m-esr52-w64-d-0000000000000000/build/src/xpcom/threads/nsThread.cpp, line 977
00:01:05 INFO -  'COMSPEC': 'C:\\windows\\system32\\cmd.exe',
00:01:05 INFO -  'FP_NO_HOST_CHECK': 'NO',
00:01:05 INFO -  => mFreeCount:           15691
00:01:05 INFO -  'USERDOMAIN': 'T-W864-IX-019',
00:01:05 INFO -  'KTS_VERSION': '1.19c',
00:01:05 INFO - ++DOMWINDOW == 5 (000000261E950800) [pid = 3192] [serial = 5] [outer = 0000000000000000]
00:01:06 INFO -    Requirement already satisfied (use --upgrade to upgrade): mozleak==0.1 from file:///C:/slave/test/build/tests/mozbase/mozleak in c:\slave\test\build\venv\lib\site-packages (from -r C:\slave\test\build\tests\config\mozbase_requirements.txt (line 9))
00:01:06 INFO -  Requirement already satisfied (use --upgrade to upgrade): mozinfo in c:\slave\test\build\venv\lib\site-packages (from mozdebug==0.1->-r C:\slave\test\build\tests\config\mozbase_requirements.txt (line 3))
00:01:06 INFO -  'USERNAME': 'cltbld',
00:01:06 INFO - Expected file size: 80508665
00:01:06 INFO - --DOMWINDOW == 9 (000000DF97D72800) [pid = 296] [serial = 15] [outer = 0000000000000000] [url = http://mochi.test:8888/tests/SimpleTest/iframe-between-tests.html]
00:01:06 INFO -   marionette-harness == 4.0.0
00:01:06 INFO -  => Process ID: 1292, Thread ID: 252
00:01:06 INFO -  'SYSTEMROOT': 'C:\\windows',
00:01:06 INFO - TEST-INFO | Main app process: exit 0
00:01:07 INFO -  'HOMEDRIVE': 'C:',
00:01:07 INFO -                                              'tests': ()}},
00:01:07 INFO - Todo:    0
00:01:07 INFO - --DOMWINDOW == 3 (000000A13A6E0000) [pid = 3952] [serial = 1] [outer = 0000000000000000] [url = http://mochi.test:8888/tests?autorun=1&closeWhenDone=1&consoleLevel=INFO&hideResultsTable=1&manifestFile=tests.json&dumpOutputDirectory=c%3A%5Cusers%5Ccltbld%7E1.001%5Cappdata%5Clocal%5Ctemp]
00:01:07 INFO - Line: 32, column: 5
00:01:07 INFO - [mozharness: 2018-06-09 23:56:34.677000Z] Finished create-virtualenv step (success)
00:01:07 INFO -
00:01:07 INFO -  Requirement already satisfied (use --upgrade to upgrade): mozinfo in c:\slave\test\build\venv\lib\site-packages (from mozdebug==0.1->-r C:\slave\test\build\tests\config\mozbase_requirements.txt (line 3))
00:01:07 INFO -  'OS': 'Windows_NT',
00:01:07 INFO - JavaScript warning: http://mochi.test:8888/chrome/dom/canvas/test/chrome/nonchrome_webgl_debug_renderer_info.html, line 38: Error: WebGL: getParameter: parameter: invalid enum value <enum 0x9245>
00:01:08 INFO - [Parent 2492] WARNING: Failed to retarget HTML data delivery to the parser thread.: file c:/builds/moz2_slave/m-esr52-w64-d-0000000000000000/build/src/parser/html/nsHtml5StreamParser.cpp, line 970
00:01:08 INFO -  'LOGONSERVER': '\\\\T-W864-IX-019',
00:01:08 INFO -  'APPDATA': 'C:\\Users\\cltbld.T-W864-IX-019.001\\AppData\\Roaming',
00:01:08 INFO -  'COMPUTERNAME': 'T-W864-IX-019',
00:01:08 INFO -  'SYSTEMDRIVE': 'C:',
00:01:08 INFO -  'USERDOMAIN_ROAMINGPROFILE': 'T-W864-IX-019',
00:01:08 INFO - --DOMWINDOW == 15 (000000B1E6F1E000) [pid = 2260] [serial = 5] [outer = 0000000000000000] [url = chrome://browser/content/browser.xul]
00:01:08 INFO -   Handler function threw an exception: TypeError: this.stopRecording is not a function
00:01:08 INFO -  'MONDIR': 'C:\\Monitor_config\\',
00:01:08 INFO - --DOCSHELL 00000046160F4000 == 6 [pid = 840] [id = 5]
00:01:09 INFO - --DOMWINDOW == 13 (000000DF9BA51000) [pid = 296] [serial = 11] [outer = 0000000000000000] [url = http://mochi.test:8888/tests/SimpleTest/iframe-between-tests.html]
00:01:09 INFO -  'NUMBER_OF_PROCESSORS': '8',
00:01:09 INFO -  => Process ID: 2056, Thread ID: 3724
00:01:09 INFO -  => mAllocCount:          94853
00:01:09 INFO - 1528588710924	Marionette	INFO	Listening on port 2828
00:01:09 INFO -  'COMSPEC': 'C:\\windows\\system32\\cmd.exe',
00:01:09 INFO - ++DOMWINDOW == 20 (0000004618ED7000) [pid = 840] [serial = 20] [outer = 0000004618ED0000]
00:01:09 INFO -  'run_file_names': {'cppunittest': 'runcppunittests.py',
00:01:09 INFO - ++DOMWINDOW == 7 (000000B0B671F800) [pid = 1284] [serial = 7] [outer = 000000B0B4B63800]
00:01:09 INFO -  Collecting psutil>=3.1.1
00:01:10 INFO -  Processing c:\slave\test\build\tests\mozbase\mozprocess
00:01:10 INFO - --DOCSHELL 000000B1E5A65800 == 3 [pid = 2260] [id = 2]
00:01:10 INFO -  => mShareCount:          26517
00:01:10 INFO - JavaScript warning: http://mochi.test:8888/tests/dom/canvas/test/crossorigin/test_webgl_crossorigin_textures.html, line 48: Error: WebGL: texImage2D: Conversion requires pixel reformatting.
00:01:10 INFO - TEST-INFO | leakcheck | tab process: leak threshold set at 10000 bytes
00:01:10 INFO -  'NO_EM_RESTART': '1',
00:01:10 INFO - --DOCSHELL 0000004609245000 == 5 [pid = 840] [id = 4]
00:01:10 INFO - ++DOMWINDOW == 18 (000000C7866BE000) [pid = 3536] [serial = 18] [outer = 000000C7852F9800]
00:01:10 INFO -  'MONDIR': 'C:\\Monitor_config\\',
00:01:11 INFO -
00:01:11 INFO -
00:01:11 INFO - ++DOMWINDOW == 29 (000000B0AE63A800) [pid = 1284] [serial = 29] [outer = 000000B0AE48E000]
00:01:11 INFO -  'RUNLOGFILE': 'C:\\slave\\\\runslave.log',
00:01:11 INFO -  dir: devtools/client/canvasdebugger/test
00:01:11 INFO -  Processing c:\slave\test\build\tests\mozbase\mozdevice
00:01:11 INFO -    Requirement already satisfied (use --upgrade to upgrade): mozrunner==6.13 from file:///C:/slave/test/build/tests/mozbase/mozrunner in c:\slave\test\build\venv\lib\site-packages (from -r C:\slave\test\build\tests\config\mozbase_requirements.txt (line 14))
00:01:11 INFO - [Child 840] WARNING: site security information will not be persisted: file c:/builds/moz2_slave/m-esr52-w64-d-0000000000000000/build/src/security/manager/ssl/nsSiteSecurityService.cpp, line 268
00:01:11 INFO -  'opt_config_files': (),
00:01:11 INFO - Return code: 0
00:01:12 INFO - --DOMWINDOW == 16 (000000E30B34A000) [pid = 1292] [serial = 2] [outer = 0000000000000000] [url = about:blank]
00:01:12 INFO -  => mAdoptCount:           2325
00:01:12 INFO -
00:01:12 INFO -  Requirement already satisfied (use --upgrade to upgrade): requests>=1.1.0 in c:\slave\test\build\venv\lib\site-packages (from browsermob-proxy==0.6.0->-r C:\slave\test\build\tests\config\marionette_requirements.txt (line 5))
00:01:12 INFO -  'PATH': 'C:\\Program Files (x86)\\NVIDIA Corporation\\PhysX\\Common;C:\\windows\\system32;C:\\windows;C:\\windows\\System32\\Wbem;C:\\windows\\System32\\WindowsPowerShell\\v1.0\\;C:\\mozilla-build\\python27;C:\\mozilla-build\\python27\\Scripts;C:\\mozilla-build\\msys\\bin;C:\\mozilla-build\\vim\\vim72;C:\\mozilla-build\\wget;C:\\mozilla-build\\info-zip;C:\\CoreUtils\\bin;C:\\mozilla-build\\buildbotve\\scripts;C:\\mozilla-build\\hg',
00:01:12 INFO -  'KTS_HOME': 'C:\\Program Files\\KTS',
00:01:12 INFO - ### XPCOM_MEM_BLOAT_LOG defined -- logging bloat/leaks to c:\users\cltbld~1.001\appdata\local\temp\tmpy4ezam.mozrunner\runtests_leaks_tab_pid296.log
00:01:12 INFO -  => mAllocCount:          21611
00:01:12 INFO - JavaScript warning: http://mochi.test:8888/chrome/dom/canvas/test/chrome/nonchrome_webgl_debug_renderer_info.html, line 74: Error: WebGL: getParameter: parameter: invalid enum value <enum 0x9246>
00:01:12 INFO -  => mAdoptFreeCount:       2578
00:01:13 INFO -  'KTS_VERSION': '1.19c',
00:01:13 INFO - [2492] WARNING: Failed to load startupcache file correctly, removing!: file c:/builds/moz2_slave/m-esr52-w64-d-0000000000000000/build/src/startupcache/StartupCache.cpp, line 219
00:01:13 INFO - ChildDebuggerTransport.prototype.close@resource://gre/modules/commonjs/toolkit/loader.js -> resource://devtools/shared/transport/transport.js:756:7
00:01:13 INFO - retry: Calling run_command with args: [['C:\\slave\\test\\build\\venv\\Scripts\\pip', 'install', '--timeout', '120', '--no-index', '--find-links', 'http://pypi.pvt.build.mozilla.org/pub', '--find-links', 'http://pypi.pub.build.mozilla.org/pub', '--trusted-host', 'pypi.pub.build.mozilla.org', '--trusted-host', 'pypi.pvt.build.mozilla.org', 'blobuploader==1.2.4']], kwargs: {'error_level': 'warning', 'error_list': [{'substr': 'not found or a compiler error:', 'level': 'warning'}, {'regex': <_sre.SRE_Pattern object at 0x022D23A0>, 'level': 'error'}, {'regex': <_sre.SRE_Pattern object at 0x023C2020>, 'level': 'warning'}, {'regex': <_sre.SRE_Pattern object at 0x0233D880>, 'level': 'debug'}, {'substr': 'command not found', 'level': 'error'}, {'regex': <_sre.SRE_Pattern object at 0x02374758>, 'level': 'warning'}, {'substr': 'Traceback (most recent call last)', 'level': 'error'}, {'substr': 'SyntaxError: ', 'level': 'error'}, {'substr': 'TypeError: ', 'level': 'error'}, {'substr': 'NameError: ', 'level': 'error'}, {'substr': 'ZeroDivisionError: ', 'level': 'error'}, {'regex': <_sre.SRE_Pattern object at 0x01DDAB20>, 'level': 'critical'}, {'regex': <_sre.SRE_Pattern object at 0x02392660>, 'level': 'critical'}], 'cwd': 'C:\\slave\\test\\build', 'env': {'TMP': 'C:\\Users\\CLTBLD~1.001\\AppData\\Local\\Temp', 'TEST1': 'testie', 'COMPUTERNAME': 'T-W864-IX-019', 'USERDOMAIN': 'T-W864-IX-019', 'KTS_VERSION': '1.19c', 'PSMODULEPATH': 'C:\\windows\\system32\\WindowsPowerShell\\v1.0\\Modules\\', 'COMMONPROGRAMFILES': 'C:\\Program Files (x86)\\Common Files', 'PROCESSOR_IDENTIFIER': 'Intel64 Family 6 Model 30 Stepping 5, GenuineIntel', 'PROGRAMFILES': 'C:\\Program Files (x86)', 'PROCESSOR_REVISION': '1e05', 'DNSSUFFIX': 'wintest.releng.scl3.mozilla.com', 'SYSTEMROOT': 'C:\\windows', 'NO_EM_RESTART': '1', 'PROGRAMFILES(X86)': 'C:\\Program Files (x86)', 'OURDRIVE': 'C:', 'MOZ_HIDE_RESULTS_TABLE': '1', 'XPCOM_DEBUG_BREAK': 'warn', 'MONDIR': 'C:\\Monitor_config\\', 'TEMP': 'C:\\Users\\CLTBLD~1.001\\AppData\\Local\\Temp', 'COMMONPROGRAMFILES(X86)': 'C:\\Program Files (x86)\\Common Files', 'RUNLOGFILE': 'C:\\slave\\\\runslave.log', 'PROCESSOR_ARCHITECTURE': 'x86', 'ALLUSERSPROFILE': 'C:\\ProgramData', 'USERPROFILE': 'C:\\Users\\cltbld.T-W864-IX-019.001', 'LOCALAPPDATA': 'C:\\Users\\cltbld.T-W864-IX-019.001\\AppData\\Local', 'HOMEPATH': '\\Users\\cltbld.T-W864-IX-019.001', 'USERDOMAIN_ROAMINGPROFILE': 'T-W864-IX-019', 'MOZBUILDDIR': 'C:\\mozilla-build\\', 'PROGRAMW6432': 'C:\\Program Files', 'USERNAME': 'cltbld', 'LOGONSERVER': '\\\\T-W864-IX-019', 'MOZ_NO_REMOTE': '1', 'COMSPEC': 'C:\\windows\\system32\\cmd.exe', 'PROGRAMDATA': 'C:\\ProgramData', 'PROPERTIES_FILE': 'C:\\slave\\test/buildprops.json', 'PATH': 'C:\\Program Files (x86)\\NVIDIA Corporation\\PhysX\\Common;C:\\windows\\system32;C:\\windows;C:\\windows\\System32\\Wbem;C:\\windows\\System32\\WindowsPowerShell\\v1.0\\;C:\\mozilla-build\\python27;C:\\mozilla-build\\python27\\Scripts;C:\\mozilla-build\\msys\\bin;C:\\mozilla-build\\vim\\vim72;C:\\mozilla-build\\wget;C:\\mozilla-build\\info-zip;C:\\CoreUtils\\bin;C:\\mozilla-build\\buildbotve\\scripts;C:\\mozilla-build\\hg', 'PROMPT': '$P$G', 'NO_FAIL_ON_TEST_ERRORS': '1', 'PATHEXT': '.COM;.EXE;.BAT;.CMD;.VBS;.VBE;.JS;.JSE;.WSF;.WSH;.MSC', 'FP_NO_HOST_CHECK': 'NO', 'DCLOCATION': 'SCL3', 'APPDATA': 'C:\\Users\\cltbld.T-W864-IX-019.001\\AppData\\Roaming', 'HOMEDRIVE': 'C:', 'SYSTEMDRIVE': 'C:', 'SLAVEDIR': 'C:\\slave\\', 'NUMBER_OF_PROCESSORS': '8', 'PWD': 'C:\\slave\\test', 'PROCESSOR_LEVEL': '6', 'KTS_HOME': 'C:\\Program Files\\KTS', 'PROCESSOR_ARCHITEW6432': 'AMD64', 'MOZ_CRASHREPORTER_NO_REPORT': '1', 'COMMONPROGRAMW6432': 'C:\\Program Files\\Common Files', 'OS': 'Windows_NT', 'PUBLIC': 'C:\\Users\\Public', 'WINDIR': 'C:\\windows'}}, attempt #1
00:01:13 INFO -  'SLAVEDIR': 'C:\\slave\\',
00:01:13 INFO - Destroying context 00000046180D9000 surface 00000046178BFD00 on display 00000046171B00E0
00:01:13 INFO -  => mAdoptCount:           8765
00:01:13 INFO - --DOMWINDOW == 2 (000000337CAAF000) [pid = 804] [serial = 1] [outer = 0000000000000000] [url = chrome://gfxsanity/content/sanitytest.html]
00:01:13 INFO - Initializing context 000000461605F000 surface 0000004617881640 on display 00000046171B00E0
00:01:14 INFO -  'nodejs_tooltool_manifest_path': 'config/tooltool-manifests/win32/nodejs.manifest',
00:01:14 INFO -  'PROCESSOR_REVISION': '1e05',
00:01:14 INFO -  'OS': 'Windows_NT',
00:01:14 INFO -  'KTS_VERSION': '1.19c',
00:01:14 INFO - ++DOMWINDOW == 21 (000000E3172AE000) [pid = 1292] [serial = 21] [outer = 000000E316C8C000]
00:01:14 INFO -  'COMMONPROGRAMFILES(X86)': 'C:\\Program Files (x86)\\Common Files',
00:01:14 INFO -  => mFreeCount:           86626
00:01:14 INFO -  'DNSSUFFIX': 'wintest.releng.scl3.mozilla.com',
00:01:14 INFO -  (blobuploader) - INFO - Using https://blobupload.elasticbeanstalk.com
00:01:14 INFO -  'TEMP': 'C:\\Users\\CLTBLD~1.001\\AppData\\Local\\Temp',
00:01:15 INFO -  'PROCESSOR_REVISION': '1e05',
00:01:15 INFO - --DOMWINDOW == 11 (000000B1E01AC800) [pid = 2260] [serial = 14] [outer = 0000000000000000] [url = data:application/vnd.mozilla.xul+xml;charset=utf-8,<window%20id='win'/>]
00:01:15 INFO - Running pre-action listener: _resource_record_pre_action
00:01:15 INFO -  'COMPUTERNAME': 'T-W864-IX-019',
00:01:15 INFO - retry: Calling query_symbols_url with args: (), kwargs: {'raise_on_failure': True}, attempt #1
00:01:15 INFO -  'OS': 'Windows_NT',
00:01:15 INFO - ChildDebuggerTransport.prototype.close@resource://gre/modules/commonjs/toolkit/loader.js -> resource://devtools/shared/transport/transport.js:756:7
00:01:15 INFO -  'RUNLOGFILE': 'C:\\slave\\\\runslave.log',
00:01:15 INFO -  Processing c:\slave\test\build\tests\mozbase\mozprofile
00:01:15 INFO -  'XPCOM_DEBUG_BREAK': 'warn'}
00:01:16 INFO - TEST-INFO | leakcheck | gpu process: leak threshold set at 0 bytes
00:01:16 INFO -  'SYSTEMDRIVE': 'C:',
00:01:16 INFO -  'PUBLIC': 'C:\\Users\\Public',
00:01:16 INFO - runtests.py | Websocket server pid: 1476
00:01:16 INFO - --DOMWINDOW == 10 (000000B0B57B7800) [pid = 1284] [serial = 21] [outer = 0000000000000000] [url = about:blank]
00:01:16 INFO -  'PROMPT': '$P$G',
00:01:16 INFO - SimpleTest FINISHED
00:01:16 INFO -
00:01:16 INFO -  'OURDRIVE': 'C:',
00:01:17 INFO -  'PROCESSOR_ARCHITECTURE': 'x86',
00:01:17 INFO -  'PWD': 'C:\\slave\\test',
00:01:17 INFO -  Collecting ipaddr==2.1.11 (from -r C:\slave\test\build\tests\mochitest\websocketprocessbridge\websocketprocessbridge_requirements.txt (line 12))
00:01:17 INFO -    0 |TOTAL                                 |       39        0|   65843        0|
00:01:17 INFO -                                'name': 'disable_screen_saver'},
00:01:17 INFO - --DOMWINDOW == 7 (00000054F0B73000) [pid = 3604] [serial = 10] [outer = 0000000000000000] [url = about:blank]
00:01:17 INFO -  (blobuploader) - INFO - Iteration through files over.
00:01:17 INFO -  'PROCESSOR_REVISION': '1e05',
00:01:17 INFO - zombiecheck | Reading PID log: c:\users\cltbld~1.001\appdata\local\temp\tmpadc8_rpidlog
00:01:17 INFO - --DOMWINDOW == 1 (000000B1E5A66000) [pid = 2260] [serial = 3] [outer = 0000000000000000] [url = resource://gre-resources/hiddenWindow.html]
00:01:18 INFO - onClosed@resource://gre/modules/commonjs/toolkit/loader.js -> resource://devtools/server/main.js:1843:5
00:01:18 INFO - [Parent 2596] WARNING: attempt to modify an immutable nsStandardURL: file c:/builds/moz2_slave/m-esr52-w64-d-0000000000000000/build/src/netwerk/base/nsStandardURL.cpp, line 1573
00:01:18 INFO -  'DNSSUFFIX': 'wintest.releng.scl3.mozilla.com',
00:01:18 INFO -  'OURDRIVE': 'C:',
00:01:18 INFO - mkdir: C:\slave\test\build\application
00:01:18 INFO - --DOMWINDOW == 22 (000000E316C9B000) [pid = 1292] [serial = 10] [outer = 0000000000000000] [url = about:blank]
00:01:18 INFO - [Child 296] WARNING: pipe error: 109: file c:/builds/moz2_slave/m-esr52-w64-d-0000000000000000/build/src/ipc/chromium/src/chrome/common/ipc_channel_win.cc, line 345
00:01:18 INFO -                                              '--cwd=%(gtest_dir)s',
00:01:18 INFO - Writing to file C:\slave\test\properties\blobber_files
00:01:18 INFO -
00:01:19 INFO -  Installing collected packages: docopt, requests, blobuploader
00:01:19 INFO -  'find_links': ('http://pypi.pvt.build.mozilla.org/pub',
00:01:19 INFO -  'COMSPEC': 'C:\\windows\\system32\\cmd.exe',
00:01:19 INFO -  [1808] WARNING: NS_ENSURE_SUCCESS(rv, rv) failed with result 0x80520012: file c:\builds\moz2_slave\m-esr52-w64-d-0000000000000000\build\src\netwerk\base\nsNetUtilInlines.h, line 180
00:01:19 INFO -  C:\slave\test\build\tests\bin\pk12util.exe: PKCS12 IMPORT SUCCESSFUL
00:01:19 INFO -  'PROCESSOR_ARCHITECTURE': 'x86',
00:01:19 INFO - x-amz-version-id: bYR.NTFdJQ7M0FoC.NL6_9wyOaGL4VN3
00:01:19 INFO -  'RUNLOGFILE': 'C:\\slave\\\\runslave.log',
00:01:19 INFO -   mozleak == 0.1
00:01:20 INFO -
00:01:20 INFO -  'RUNLOGFILE': 'C:\\slave\\\\runslave.log',
00:01:20 INFO -  'no_random': False,
00:01:20 INFO -           'python': 'c:\\mozilla-build\\python27\\python.exe',
00:01:20 INFO - --DOMWINDOW == 4 (000000DF93D9C000) [pid = 296] [serial = 5] [outer = 0000000000000000] [url = about:blank]
00:01:20 INFO -      |<----------------Class--------------->|<-----Bytes------>|<----Objects---->|
00:01:20 INFO - TEST-INFO | started process Main app process
00:01:20 INFO - Running command: ['C:\\slave\\test\\build\\venv\\Scripts\\python', 'C:\\slave\\test\\build\\venv\\Scripts\\blobberc.py', '-u', 'https://blobupload.elasticbeanstalk.com', '-a', 'C:\\slave\\test\\oauth.txt', '-b', 'mozilla-esr52', '-d', 'C:\\slave\\test\\build\\blobber_upload_dir', '--output-manifest', 'C:\\slave\\test\\build\\uploaded_files.json']
00:01:20 INFO -  'PROCESSOR_IDENTIFIER': 'Intel64 Family 6 Model 30 Stepping 5, GenuineIntel',
00:01:20 INFO - Reading from file C:\slave\test\build\firefox-52.8.2.en-US.win64.test_packages.json
00:01:21 INFO -  'TEMP': 'C:\\Users\\CLTBLD~1.001\\AppData\\Local\\Temp',
00:01:21 INFO -  'PATH': 'C:\\Program Files (x86)\\NVIDIA Corporation\\PhysX\\Common;C:\\windows\\system32;C:\\windows;C:\\windows\\System32\\Wbem;C:\\windows\\System32\\WindowsPowerShell\\v1.0\\;C:\\mozilla-build\\python27;C:\\mozilla-build\\python27\\Scripts;C:\\mozilla-build\\msys\\bin;C:\\mozilla-build\\vim\\vim72;C:\\mozilla-build\\wget;C:\\mozilla-build\\info-zip;C:\\CoreUtils\\bin;C:\\mozilla-build\\buildbotve\\scripts;C:\\mozilla-build\\hg',
00:01:21 INFO -  'PROGRAMFILES(X86)': 'C:\\Program Files (x86)',
00:01:21 INFO -  mozprofile.addons WARNING | Could not install C:\slave\test\build\tests\mochitest\extensions\mozscreenshots: [Errno 2] No such file or directory: 'C:\\slave\\test\\build\\tests\\mochitest\\extensions\\mozscreenshots\\install.rdf'
00:01:21 INFO -  => mAdoptCount:           5829
00:01:21 INFO - ENV: MOZ_UPLOAD_DIR is now C:\slave\test\build\blobber_upload_dir
00:01:21 INFO - Buffered messages finished
00:01:21 INFO -  Processing c:\slave\test\build\tests\mozbase\mozinstall
00:01:21 INFO - --DOMWINDOW == 6 (000000A13DD18800) [pid = 3952] [serial = 14] [outer = 0000000000000000] [url = about:blank]
00:01:21 INFO -  Collecting simplejson
00:01:22 INFO -    Requirement already satisfied (use --upgrade to upgrade): mozrunner==6.13 from file:///C:/slave/test/build/tests/mozbase/mozrunner in c:\slave\test\build\venv\lib\site-packages (from -r C:\slave\test\build\tests\config\mozbase_requirements.txt (line 14))
00:01:22 INFO - --DOMWINDOW == 2 (0000009C1A403800) [pid = 3964] [serial = 6] [outer = 0000000000000000] [url = about:blank]
00:01:22 INFO - --DOMWINDOW == 3 (000000E3176C6000) [pid = 1292] [serial = 12] [outer = 0000000000000000] [url = about:blank]
00:01:22 INFO - ENV: MINIDUMP_SAVE_PATH is now C:\slave\test\build\blobber_upload_dir
00:01:22 INFO -  'PROPERTIES_FILE': 'C:\\slave\\test/buildprops.json',
00:01:22 INFO - runtests.py | Running tests: end.
00:01:22 INFO -  'MOZ_CRASHREPORTER_NO_REPORT': '1',
00:01:22 INFO - ++DOMWINDOW == 1 (0000003ADA6B2000) [pid = 2824] [serial = 1] [outer = 0000000000000000]
00:01:22 INFO -  'NO_EM_RESTART': '1',
00:01:23 INFO - [1284] WARNING: NS_ENSURE_SUCCESS(rv, rv) failed with result 0x80004005: file c:/builds/moz2_slave/m-esr52-w64-d-0000000000000000/build/src/xpcom/base/nsSystemInfo.cpp, line 116
00:01:23 INFO - SimpleTest FINISHED
00:01:23 INFO - zombiecheck | Checking for orphan process with PID: 3752
00:01:23 INFO - ++DOMWINDOW == 29 (00000046160E3800) [pid = 840] [serial = 29] [outer = 0000000000000000]
00:01:23 INFO - --DOMWINDOW == 17 (000000B0AE722800) [pid = 1284] [serial = 30] [outer = 0000000000000000] [url = about:blank]
00:01:23 INFO -  'USERDOMAIN': 'T-W864-IX-019',
00:01:23 INFO - JavaScript warning: http://mochi.test:8888/tests/dom/canvas/test/crossorigin/test_webgl_crossorigin_textures.html, line 48: Error: WebGL: texImage2D: Conversion requires pixel reformatting.
00:01:23 INFO -
00:01:23 INFO -  0
00:01:23 INFO -    Requirement already satisfied (use --upgrade to upgrade): mozdebug==0.1 from file:///C:/slave/test/build/tests/mozbase/mozdebug in c:\slave\test\build\venv\lib\site-packages (from -r C:\slave\test\build\tests\config\mozbase_requirements.txt (line 3))
00:01:24 INFO -    Running setup.py install for moztest: started
00:01:24 INFO - Copy/paste: C:\slave\test\build\venv\Scripts\pip install --no-deps --timeout 120 -r C:\slave\test\build\tests\config\marionette_requirements.txt --no-index --find-links http://pypi.pvt.build.mozilla.org/pub --find-links http://pypi.pub.build.mozilla.org/pub --trusted-host pypi.pub.build.mozilla.org --trusted-host pypi.pvt.build.mozilla.org
00:01:24 INFO - [Child 2712] WARNING: NS_ENSURE_TRUE(mDocShell) failed: file c:/builds/moz2_slave/m-esr52-w64-d-0000000000000000/build/src/embedding/browser/nsWebBrowser.cpp, line 754
00:01:24 INFO - ++DOMWINDOW == 14 (000000B1E01AC800) [pid = 2260] [serial = 14] [outer = 0000000000000000]
00:01:24 INFO -  'USERPROFILE': 'C:\\Users\\cltbld.T-W864-IX-019.001',
00:01:24 INFO -      Running setup.py install for mozfile: finished with status 'done'
00:01:24 INFO -
00:01:24 INFO -
00:01:24 INFO - {u'common': [u'firefox-52.8.2.en-US.win64.common.tests.zip'],
00:01:24 INFO -    0 |TOTAL                                 |       33        0|  269557        0|
00:01:25 INFO - ++DOCSHELL 000000E316C85800 == 8 [pid = 1292] [id = 9]
00:01:25 INFO -  Installing collected packages: mozsystemmonitor
00:01:25 INFO -                                                '--extra-profile-file=tests/bin/plugins',
00:01:25 INFO -  'MONDIR': 'C:\\Monitor_config\\',
00:01:25 INFO - TEST-INFO | leakcheck | geckomediaplugin process: leak threshold set at 20000 bytes
00:01:25 INFO -    Requirement already satisfied (use --upgrade to upgrade): mozhttpd==0.7 from file:///C:/slave/test/build/tests/mozbase/mozhttpd in c:\slave\test\build\venv\lib\site-packages (from -r C:\slave\test\build\tests\config\mozbase_requirements.txt (line 6))
00:01:25 INFO - via: 1.1 02192a27c967e955f8c815efa939bfc8.cloudfront.net (CloudFront)
00:01:25 INFO - [Parent 2596] WARNING: pipe error: 109: file c:/builds/moz2_slave/m-esr52-w64-d-0000000000000000/build/src/ipc/chromium/src/chrome/common/ipc_channel_win.cc, line 345
00:01:25 INFO - --DOMWINDOW == 11 (000000B1E01AC800) [pid = 2260] [serial = 14] [outer = 0000000000000000] [url = data:application/vnd.mozilla.xul+xml;charset=utf-8,<window%20id='win'/>]
00:01:26 INFO -  'PATHEXT': '.COM;.EXE;.BAT;.CMD;.VBS;.VBE;.JS;.JSE;.WSF;.WSH;.MSC',
00:01:26 INFO -  'RUNLOGFILE': 'C:\\slave\\\\runslave.log',
00:01:26 INFO -  Processing c:\slave\test\build\tests\mozbase\mozscreenshot
00:01:26 INFO - ++DOCSHELL 000000B1E5A65800 == 2 [pid = 2260] [id = 2]
00:01:26 INFO - TEST-SKIP | dom/canvas/test/test_offscreencanvas_serviceworker.html | took 0ms
00:01:26 INFO - exports.makeInfallible/<@resource://gre/modules/commonjs/toolkit/loader.js -> resource://devtools/shared/ThreadSafeDevToolsUtils.js:101:14
00:01:26 INFO -  Requirement already satisfied (use --upgrade to upgrade): psutil==3.1.1 in c:\slave\test\build\venv\lib\site-packages (from -r C:\slave\test\build\tests\mochitest\websocketprocessbridge\websocketprocessbridge_requirements.txt (line 9))
00:01:26 INFO -                        'mochitest': {'options': ('--appname=%(binary_path)s',
00:01:26 INFO -  'MOZBUILDDIR': 'C:\\mozilla-build\\',
00:01:26 INFO -  'TEMP': 'C:\\Users\\CLTBLD~1.001\\AppData\\Local\\Temp',
00:01:27 INFO - ++DOMWINDOW == 14 (000000B0BDEE4800) [pid = 1284] [serial = 14] [outer = 000000B0BDED8000]
00:01:27 INFO - [1284] WARNING: Could not get disk status from nsIDiskSpaceWatcher: file c:/builds/moz2_slave/m-esr52-w64-d-0000000000000000/build/src/uriloader/prefetch/nsOfflineCacheUpdateService.cpp, line 283
00:01:27 INFO -  'PROGRAMDATA': 'C:\\ProgramData',
00:01:27 INFO - runtests.py | Running with e10s: True
00:01:27 INFO -  'LOGONSERVER': '\\\\T-W864-IX-019',
00:01:27 INFO - runtests.py | Application ran for: 0:00:23.141000
00:01:27 INFO - --DOMWINDOW == 15 (000000C7866BE000) [pid = 3536] [serial = 18] [outer = 0000000000000000] [url = about:blank]
00:01:27 INFO -   mozscreenshot == 0.1
00:01:27 INFO -  'PROCESSOR_REVISION': '1e05',
00:01:27 INFO -      Running setup.py install for firefox-puppeteer: finished with status 'done'
00:01:28 INFO - ++DOMWINDOW == 9 (000000763FCB0800) [pid = 2596] [serial = 9] [outer = 0000000000000000]
00:01:28 INFO - [Child 2712] WARNING: NS_ENSURE_TRUE(mDocShell) failed: file c:/builds/moz2_slave/m-esr52-w64-d-0000000000000000/build/src/embedding/browser/nsWebBrowser.cpp, line 754
00:01:28 INFO -  (blobuploader) - INFO - TinderboxPrint: <a href='https://mozilla-releng-blobs.s3.amazonaws.com/blobs/mozilla-esr52/sha512/2a6c30464eb50ba0270c6b9dfdd127bbbcbe72ce2205eb82f4868390be7497902e6fb51c54a7c28d678973688331633ac6a9675e53d43bb96dfb9cfa13a53953'>resource-usage.json</a>: uploaded
00:01:28 INFO - nsTraceRefcnt::DumpStatistics: 727 entries
00:01:28 INFO - --DOMWINDOW == 1 (000000C4857C1000) [pid = 636] [serial = 2] [outer = 0000000000000000] [url = about:blank]
00:01:28 INFO - [Child 636] WARNING: pipe error: 109: file c:/builds/moz2_slave/m-esr52-w64-d-0000000000000000/build/src/ipc/chromium/src/chrome/common/ipc_channel_win.cc, line 345
00:01:28 INFO -  C:\slave\test\build\tests\bin\pk12util.exe: PKCS12 IMPORT SUCCESSFUL
00:01:28 INFO -    0 |TOTAL                                 |       31        0|  289324        0|
00:01:28 INFO -  'PROPERTIES_FILE': 'C:\\slave\\test/buildprops.json',
00:01:29 INFO - --DOCSHELL 00000079139AB800 == 0 [pid = 2056] [id = 1]
00:01:29 INFO - ++DOMWINDOW == 4 (000000261E94D000) [pid = 3192] [serial = 4] [outer = 000000261E8DF000]
00:01:29 INFO - ++DOMWINDOW == 19 (000000E316C8C000) [pid = 1292] [serial = 19] [outer = 0000000000000000]
00:01:29 INFO - ++DOMWINDOW == 6 (000000B1E6F1F000) [pid = 2260] [serial = 6] [outer = 000000B1E6F1E000]
00:01:29 INFO - ++DOCSHELL 000000A13A739800 == 2 [pid = 3952] [id = 2]
00:01:29 INFO -    Running setup.py install for mozinfo: started
00:01:29 INFO - --DOMWINDOW == 15 (00000054EA5A4800) [pid = 3604] [serial = 5] [outer = 0000000000000000] [url = chrome://browser/content/browser.xul]
00:01:29 INFO - ++DOMWINDOW == 3 (00000046147AD000) [pid = 840] [serial = 3] [outer = 00000046106DE000]
00:01:29 INFO -  Processing c:\slave\test\build\tests\mozbase\mozleak
00:01:29 INFO - --DOMWINDOW == 2 (000000C793D65800) [pid = 3536] [serial = 10] [outer = 0000000000000000] [url = about:blank]
00:01:30 INFO -    Requirement already satisfied (use --upgrade to upgrade): mozcrash==1.0 from file:///C:/slave/test/build/tests/mozbase/mozcrash in c:\slave\test\build\venv\lib\site-packages (from -r C:\slave\test\build\tests\config\mozbase_requirements.txt (line 2))
00:01:30 INFO - onClosed@resource://gre/modules/commonjs/toolkit/loader.js -> resource://devtools/server/main.js:1843:5
00:01:30 INFO - --DOMWINDOW == 10 (00000091485F8800) [pid = 2492] [serial = 9] [outer = 0000000000000000] [url = about:blank]
00:01:30 INFO -  'COMMONPROGRAMFILES(X86)': 'C:\\Program Files (x86)\\Common Files',
00:01:30 INFO - ++DOMWINDOW == 6 (000000C78D80D800) [pid = 3536] [serial = 6] [outer = 000000C78D80C800]
00:01:30 INFO - Checking for orphan xpcshell processes...
00:01:30 INFO -  'MOZ_CRASHREPORTER_NO_REPORT': '1',
00:01:30 INFO -  Processing c:\slave\test\build\tests\mozbase\mozversion
00:01:30 INFO - ++DOMWINDOW == 15 (0000004617D52000) [pid = 840] [serial = 15] [outer = 00000046160F4800]
00:01:30 INFO -  'DCLOCATION': 'SCL3',
00:01:31 INFO - ++DOCSHELL 000000DF93D9B000 == 2 [pid = 296] [id = 2]
00:01:31 INFO - Initializing context 000000DF9B76E000 surface 000000DF9B509D80 on display 000000DF93D71BF0
00:01:31 INFO -  Requirement already satisfied (use --upgrade to upgrade): six==1.10.0 in c:\slave\test\build\venv\lib\site-packages (from -r C:\slave\test\build\tests\mochitest\websocketprocessbridge\websocketprocessbridge_requirements.txt (line 2))
00:01:31 INFO - ++DOMWINDOW == 17 (000000B1E01C1000) [pid = 2260] [serial = 17] [outer = 0000000000000000]
00:01:31 INFO - --DOCSHELL 00000079139AB800 == 0 [pid = 2056] [id = 1]
00:01:31 INFO - TEST-START | dom/imptests/html/webgl/test_compressedTexImage2D.html
00:01:31 INFO -  u'cppunittest': [u'firefox-52.8.2.en-US.win64.common.tests.zip',
00:01:31 INFO - --DOCSHELL 000000DF93CDA800 == 0 [pid = 296] [id = 1]
00:01:31 INFO -  'PROPERTIES_FILE': 'C:\\slave\\test/buildprops.json',
00:01:32 INFO -  'NUMBER_OF_PROCESSORS': '8',
00:01:32 INFO -                             'config/*',
00:01:32 INFO -  	Mode: e10s
00:01:32 INFO -                                                          '--setpref=layers.acceleration.disabled=true'),
00:01:32 INFO -                                              '--cwd=%(gtest_dir)s',
00:01:32 INFO - ++DOMWINDOW == 16 (000000B0BE3E0800) [pid = 1284] [serial = 16] [outer = 000000B0BA41A000]
00:01:32 INFO -  'APPDATA': 'C:\\Users\\cltbld.T-W864-IX-019.001\\AppData\\Roaming',
00:01:32 INFO -                          'c:/mozilla-build/buildbotve/virtualenv.py')},
00:01:32 INFO -  'APPDATA': 'C:\\Users\\cltbld.T-W864-IX-019.001\\AppData\\Roaming',
00:01:32 INFO -  Requirement already satisfied (use --upgrade to upgrade): mozlog>=3.0 in c:\slave\test\build\venv\lib\site-packages (from mozcrash==1.0->-r C:\slave\test\build\tests\config\mozbase_requirements.txt (line 2))
00:01:33 INFO -  'PUBLIC': 'C:\\Users\\Public',
00:01:33 INFO -
00:01:33 INFO -  'HOMEPATH': '\\Users\\cltbld.T-W864-IX-019.001',
00:01:33 INFO - --DOMWINDOW == 6 (000000C793820800) [pid = 3536] [serial = 13] [outer = 0000000000000000] [url = about:blank]
00:01:33 INFO -               u'firefox-52.8.2.en-US.win64.reftest.tests.zip'],
00:01:33 INFO -
00:01:33 INFO -  'MOZBUILDDIR': 'C:\\mozilla-build\\',
00:01:33 INFO - --DOMWINDOW == 2 (000000C4857B2000) [pid = 636] [serial = 1] [outer = 0000000000000000] [url = chrome://gfxsanity/content/sanitytest.html]
00:01:33 INFO -  'PROMPT': '$P$G',
00:01:33 INFO -                           'browser-chrome-chunked': ('--flavor=browser',
00:01:34 INFO - Running command: ['C:\\slave\\test\\build\\venv\\Scripts\\pip', 'install', '--timeout', '120', '--no-index', '--find-links', 'http://pypi.pvt.build.mozilla.org/pub', '--find-links', 'http://pypi.pub.build.mozilla.org/pub', '--trusted-host', 'pypi.pub.build.mozilla.org', '--trusted-host', 'pypi.pvt.build.mozilla.org', 'mozsystemmonitor==0.3'] in C:\slave\test\build
00:01:34 INFO -  'PSMODULEPATH': 'C:\\windows\\system32\\WindowsPowerShell\\v1.0\\Modules\\',
00:01:34 INFO -  'PROPERTIES_FILE': 'C:\\slave\\test/buildprops.json',
00:01:34 INFO - JavaScript warning: http://mochi.test:8888/tests/dom/canvas/test/crossorigin/test_video_crossorigin.html, line 93: Error: WebGL: texImage2D: Conversion requires pixel reformatting.
00:01:34 INFO -  Successfully installed simplejson-3.3.0
00:01:34 INFO - runtests.py | Server pid: 328
00:01:34 INFO - TinderboxPrint: CPU system<br/>22.9 (1.4%)
00:01:34 INFO -  'PROGRAMFILES': 'C:\\Program Files (x86)',
00:01:34 INFO -  'NO_EM_RESTART': '1',
00:01:35 INFO - Running main action method: run_tests
00:01:35 INFO -    Requirement already satisfied (use --upgrade to upgrade): mozprocess==0.23 from file:///C:/slave/test/build/tests/mozbase/mozprocess in c:\slave\test\build\venv\lib\site-packages (from -r C:\slave\test\build\tests\config\mozbase_requirements.txt (line 12))
00:01:35 INFO - Using _rmtree_windows ...
00:01:35 INFO -  'PROCESSOR_IDENTIFIER': 'Intel64 Family 6 Model 30 Stepping 5, GenuineIntel',
00:01:35 INFO - Http code: 200
00:01:35 INFO -  'PROCESSOR_REVISION': '1e05',
00:01:35 INFO - Running post-run listener: _upload_blobber_files
00:01:35 INFO - retry: Calling run_command with args: [['C:\\slave\\test\\build\\venv\\Scripts\\pip', 'install', '--no-deps', '--timeout', '120', '-r', 'C:\\slave\\test\\build\\tests\\config\\mozbase_requirements.txt', '--no-index', '--find-links', 'http://pypi.pvt.build.mozilla.org/pub', '--find-links', 'http://pypi.pub.build.mozilla.org/pub', '--trusted-host', 'pypi.pub.build.mozilla.org', '--trusted-host', 'pypi.pvt.build.mozilla.org']], kwargs: {'error_level': 'warning', 'error_list': [{'substr': 'not found or a compiler error:', 'level': 'warning'}, {'regex': <_sre.SRE_Pattern object at 0x022D23A0>, 'level': 'error'}, {'regex': <_sre.SRE_Pattern object at 0x023C2020>, 'level': 'warning'}, {'regex': <_sre.SRE_Pattern object at 0x0233D880>, 'level': 'debug'}, {'substr': 'command not found', 'level': 'error'}, {'regex': <_sre.SRE_Pattern object at 0x02374758>, 'level': 'warning'}, {'substr': 'Traceback (most recent call last)', 'level': 'error'}, {'substr': 'SyntaxError: ', 'level': 'error'}, {'substr': 'TypeError: ', 'level': 'error'}, {'substr': 'NameError: ', 'level': 'error'}, {'substr': 'ZeroDivisionError: ', 'level': 'error'}, {'regex': <_sre.SRE_Pattern object at 0x01DDAB20>, 'level': 'critical'}, {'regex': <_sre.SRE_Pattern object at 0x02392660>, 'level': 'critical'}], 'cwd': 'C:\\slave\\test\\build\\tests\\config', 'env': {'TMP': 'C:\\Users\\CLTBLD~1.001\\AppData\\Local\\Temp', 'TEST1': 'testie', 'COMPUTERNAME': 'T-W864-IX-019', 'USERDOMAIN': 'T-W864-IX-019', 'KTS_VERSION': '1.19c', 'PSMODULEPATH': 'C:\\windows\\system32\\WindowsPowerShell\\v1.0\\Modules\\', 'COMMONPROGRAMFILES': 'C:\\Program Files (x86)\\Common Files', 'PROCESSOR_IDENTIFIER': 'Intel64 Family 6 Model 30 Stepping 5, GenuineIntel', 'PROGRAMFILES': 'C:\\Program Files (x86)', 'PROCESSOR_REVISION': '1e05', 'DNSSUFFIX': 'wintest.releng.scl3.mozilla.com', 'SYSTEMROOT': 'C:\\windows', 'NO_EM_RESTART': '1', 'PROGRAMFILES(X86)': 'C:\\Program Files (x86)', 'OURDRIVE': 'C:', 'MOZ_HIDE_RESULTS_TABLE': '1', 'XPCOM_DEBUG_BREAK': 'warn', 'MONDIR': 'C:\\Monitor_config\\', 'TEMP': 'C:\\Users\\CLTBLD~1.001\\AppData\\Local\\Temp', 'COMMONPROGRAMFILES(X86)': 'C:\\Program Files (x86)\\Common Files', 'RUNLOGFILE': 'C:\\slave\\\\runslave.log', 'PROCESSOR_ARCHITECTURE': 'x86', 'ALLUSERSPROFILE': 'C:\\ProgramData', 'USERPROFILE': 'C:\\Users\\cltbld.T-W864-IX-019.001', 'LOCALAPPDATA': 'C:\\Users\\cltbld.T-W864-IX-019.001\\AppData\\Local', 'HOMEPATH': '\\Users\\cltbld.T-W864-IX-019.001', 'USERDOMAIN_ROAMINGPROFILE': 'T-W864-IX-019', 'MOZBUILDDIR': 'C:\\mozilla-build\\', 'PROGRAMW6432': 'C:\\Program Files', 'USERNAME': 'cltbld', 'LOGONSERVER': '\\\\T-W864-IX-019', 'MOZ_NO_REMOTE': '1', 'COMSPEC': 'C:\\windows\\system32\\cmd.exe', 'PROGRAMDATA': 'C:\\ProgramData', 'PROPERTIES_FILE': 'C:\\slave\\test/buildprops.json', 'PATH': 'C:\\Program Files (x86)\\NVIDIA Corporation\\PhysX\\Common;C:\\windows\\system32;C:\\windows;C:\\windows\\System32\\Wbem;C:\\windows\\System32\\WindowsPowerShell\\v1.0\\;C:\\mozilla-build\\python27;C:\\mozilla-build\\python27\\Scripts;C:\\mozilla-build\\msys\\bin;C:\\mozilla-build\\vim\\vim72;C:\\mozilla-build\\wget;C:\\mozilla-build\\info-zip;C:\\CoreUtils\\bin;C:\\mozilla-build\\buildbotve\\scripts;C:\\mozilla-build\\hg', 'PROMPT': '$P$G', 'NO_FAIL_ON_TEST_ERRORS': '1', 'PATHEXT': '.COM;.EXE;.BAT;.CMD;.VBS;.VBE;.JS;.JSE;.WSF;.WSH;.MSC', 'FP_NO_HOST_CHECK': 'NO', 'DCLOCATION': 'SCL3', 'APPDATA': 'C:\\Users\\cltbld.T-W864-IX-019.001\\AppData\\Roaming', 'HOMEDRIVE': 'C:', 'SYSTEMDRIVE': 'C:', 'SLAVEDIR': 'C:\\slave\\', 'NUMBER_OF_PROCESSORS': '8', 'PWD': 'C:\\slave\\test', 'PROCESSOR_LEVEL': '6', 'KTS_HOME': 'C:\\Program Files\\KTS', 'PROCESSOR_ARCHITEW6432': 'AMD64', 'MOZ_CRASHREPORTER_NO_REPORT': '1', 'COMMONPROGRAMW6432': 'C:\\Program Files\\Common Files', 'OS': 'Windows_NT', 'PUBLIC': 'C:\\Users\\Public', 'WINDIR': 'C:\\windows'}}, attempt #1
00:01:35 INFO -  => mAdoptCount:           2578
00:01:35 INFO - TEST-INFO | Main app process: exit 0
00:01:36 INFO -  'PSMODULEPATH': 'C:\\windows\\system32\\WindowsPowerShell\\v1.0\\Modules\\',
00:01:36 INFO - --DOMWINDOW == 16 (0000004610859800) [pid = 840] [serial = 7] [outer = 0000000000000000] [url = http://example.com/browser/devtools/client/canvasdebugger/test/doc_webgl-enum.html]
00:01:36 INFO - close@resource://gre/modules/commonjs/toolkit/loader.js -> resource://devtools/server/main.js:1460:7
00:01:36 INFO - --DOMWINDOW == 6 (000000B1EBFB1000) [pid = 2260] [serial = 9] [outer = 0000000000000000] [url = about:blank]
00:01:36 INFO - Return code: 0
00:01:36 INFO -  'PROGRAMFILES': 'C:\\Program Files (x86)',
00:01:36 INFO -                                    'testsdir': 'jit-test/jit-test'},
00:01:36 INFO - SUITE-END | took 43s
00:01:36 INFO -  (blobuploader) - INFO - Blobserver returned 202. File uploaded!
00:01:36 INFO - JavaScript warning: http://mochi.test:8888/tests/dom/canvas/test/crossorigin/test_webgl_crossorigin_textures.html, line 48: Error: WebGL: texImage2D: Conversion requires pixel reformatting.
00:01:37 INFO - ++DOMWINDOW == 14 (00000046178A7000) [pid = 840] [serial = 14] [outer = 00000046160F4800]
00:01:37 INFO -      |<----------------Class--------------->|<-----Bytes------>|<----Objects---->|
00:01:37 INFO - [Child 3952] WARNING: We can't support non-premultiplied alpha for video!: '(aSurfaceFlags & SFE_PREFER_NO_PREMULTIPLY_ALPHA) == 0', file c:/builds/moz2_slave/m-esr52-w64-d-0000000000000000/build/src/layout/base/nsLayoutUtils.cpp, line 7243
00:01:37 INFO - --DOMWINDOW == 2 (00000046161CF800) [pid = 840] [serial = 10] [outer = 0000000000000000] [url = http://example.com/browser/devtools/client/canvasdebugger/test/doc_webgl-enum.html]
00:01:37 INFO - ++DOMWINDOW == 3 (0000009C17BAB000) [pid = 3964] [serial = 3] [outer = 0000009C13ADF000]
00:01:37 INFO -  'PROGRAMDATA': 'C:\\ProgramData',
00:01:37 INFO - Destroying context 000000DF9BBD9000 surface 000000DF9BA8CF40 on display 000000DF93D71BF0
00:01:37 INFO -                                         'tests': ('tests/reftest/tests/layout/reftests/reftest.list',)},
00:01:37 INFO - runtests.py | Running tests: end.
00:01:37 INFO - --DOMWINDOW == 17 (000000763B20E000) [pid = 2596] [serial = 6] [outer = 0000000000000000] [url = about:blank]
00:01:38 INFO - JavaScript warning: http://mochi.test:8888/tests/dom/canvas/test/crossorigin/test_video_crossorigin.html, line 93: Error: WebGL: texImage2D: Conversion requires pixel reformatting.
00:01:38 INFO -  Successfully installed functools32-3.2.3.post2 jsonschema-2.5.1
00:01:38 INFO -  'PROCESSOR_ARCHITECTURE': 'x86',
00:01:38 INFO -  'DNSSUFFIX': 'wintest.releng.scl3.mozilla.com',
00:01:38 INFO -  'SYSTEMDRIVE': 'C:',
00:01:38 INFO - onClosed/<@resource://gre/modules/commonjs/toolkit/loader.js -> resource://devtools/server/main.js:1843:35
00:01:38 INFO - nsTraceRefcnt::DumpStatistics: 866 entries
00:01:38 INFO - TEST-INFO | Ran 1 Loops
00:01:38 INFO -                                'name': 'disable_screen_saver'},
00:01:39 INFO -   docopt == 0.6.1
00:01:39 INFO - ### XPCOM_MEM_BLOAT_LOG defined -- logging bloat/leaks to c:\users\cltbld~1.001\appdata\local\temp\tmphq045y.mozrunner\runtests_leaks_tab_pid2712.log
00:01:39 INFO - ++DOCSHELL 000000C78D80C000 == 3 [pid = 3536] [id = 3]
00:01:39 INFO - MochitestServer : launching [u'C:\\slave\\test\\build\\tests\\bin\\xpcshell.exe', '-g', 'C:\\slave\\test\\build\\application\\firefox', '-v', '170', '-f', 'C:\\slave\\test\\build\\tests\\bin\\components\\httpd.js', '-e', "const _PROFILE_PATH = 'c:\\\\users\\\\cltbld~1.001\\\\appdata\\\\local\\\\temp\\\\tmphq045y.mozrunner'; const _SERVER_PORT = '8888'; const _SERVER_ADDR = '127.0.0.1'; const _TEST_PREFIX = undefined; const _DISPLAY_RESULTS = false;", '-f', 'C:\\slave\\test\\build\\tests\\mochitest\\server.js']
00:01:39 INFO - ++DOMWINDOW == 31 (00000046161CD000) [pid = 840] [serial = 31] [outer = 00000046160E3800]
00:01:39 INFO - ++DOMWINDOW == 3 (000000B1E5A66000) [pid = 2260] [serial = 3] [outer = 0000000000000000]
00:01:39 INFO - runtests.py | Websocket server pid: 1676
00:01:39 INFO - Todo:    0
00:01:39 INFO - [1284] WARNING: NS_ENSURE_TRUE(layerManager) failed: file c:/builds/moz2_slave/m-esr52-w64-d-0000000000000000/build/src/dom/media/MediaDecoder.cpp, line 303
00:01:39 INFO -  Processing c:\slave\test\build\tests\mozbase\mozinfo
00:01:40 INFO -   mozlog == 3.4
00:01:40 INFO - JavaScript warning: http://mochi.test:8888/tests/dom/canvas/test/crossorigin/test_video_crossorigin.html, line 93: Error: WebGL: texImage2D: Failed to hit GPU-copy fast-path. Falling back to CPU upload.
00:01:40 INFO -  'SLAVEDIR': 'C:\\slave\\',
00:01:40 INFO - Using env: {'ALLUSERSPROFILE': 'C:\\ProgramData',
00:01:40 INFO - ++DOCSHELL 000000E3104D7800 == 3 [pid = 1292] [id = 3]
00:01:40 INFO - ++DOMWINDOW == 12 (00000076421E7000) [pid = 2596] [serial = 12] [outer = 00000076406B4000]
00:01:40 INFO -  'USERDOMAIN': 'T-W864-IX-019',
00:01:40 INFO -  => mAdoptCount:           2704
00:01:40 INFO -  Couldn't convert chrome URL: chrome://branding/locale/brand.properties
00:01:40 INFO - [Parent 3604] WARNING: attempt to modify an immutable nsStandardURL: file c:/builds/moz2_slave/m-esr52-w64-d-0000000000000000/build/src/netwerk/base/nsStandardURL.cpp, line 1573
00:01:41 INFO -   _processDrawElements doesn't define this type.
00:01:41 INFO -    Requirement already satisfied (use --upgrade to upgrade): mozhttpd==0.7 from file:///C:/slave/test/build/tests/mozbase/mozhttpd in c:\slave\test\build\venv\lib\site-packages (from -r C:\slave\test\build\tests\config\mozbase_requirements.txt (line 6))
00:01:41 INFO -  'PROGRAMDATA': 'C:\\ProgramData',
00:01:41 INFO -                                        '--configuration-file',
00:01:41 INFO - Copy/paste: C:\slave\test\build\venv\Scripts\pip install --timeout 120 -r C:\slave\test\build\tests\mochitest\websocketprocessbridge\websocketprocessbridge_requirements.txt --no-index --find-links http://pypi.pvt.build.mozilla.org/pub --find-links http://pypi.pub.build.mozilla.org/pub --trusted-host pypi.pub.build.mozilla.org --trusted-host pypi.pvt.build.mozilla.org
00:01:41 INFO -  'SYSTEMDRIVE': 'C:',
00:01:41 INFO - close@resource://gre/modules/commonjs/toolkit/loader.js -> resource://devtools/server/main.js:1460:7
00:01:41 INFO - Http code: 200
00:01:41 INFO -  => mReallocCount:         9290
00:01:41 INFO - TEST-PASS | leakcheck | default process: no leaks detected!
00:01:42 INFO - [Parent 2260] WARNING: 'NS_FAILED(rv)', file c:/builds/moz2_slave/m-esr52-w64-d-0000000000000000/build/src/netwerk/cache2/CacheFileChunk.cpp, line 460
00:01:42 INFO -  'USERDOMAIN_ROAMINGPROFILE': 'T-W864-IX-019',
00:01:42 INFO -                                'cmd': ('c:\\mozilla-build\\python27\\python.exe',
00:01:42 INFO - --DOCSHELL 0000007639D66800 == 3 [pid = 2596] [id = 2]
00:01:42 INFO - ++DOMWINDOW == 3 (0000009C17BAB000) [pid = 3964] [serial = 3] [outer = 0000009C13ADF000]
00:01:42 INFO -  'USERNAME': 'cltbld',
00:01:42 INFO - --DOCSHELL 000000B0AD79E000 == 5 [pid = 1284] [id = 11]
00:01:42 INFO -    Requirement already satisfied (use --upgrade to upgrade): mozprofile==0.28 from file:///C:/slave/test/build/tests/mozbase/mozprofile in c:\slave\test\build\venv\lib\site-packages (from -r C:\slave\test\build\tests\config\mozbase_requirements.txt (line 13))
00:01:42 INFO -    Running setup.py install for mozprofile: started
00:01:43 INFO - --DOMWINDOW == 2 (0000003ADA6B2000) [pid = 2824] [serial = 1] [outer = 0000000000000000] [url = chrome://gfxsanity/content/sanitytest.html]
00:01:43 INFO -  'KTS_VERSION': '1.19c',
00:01:43 INFO - Using env: {'ALLUSERSPROFILE': 'C:\\ProgramData',
00:01:43 INFO - ++DOMWINDOW == 14 (000000B0BDEE4800) [pid = 1284] [serial = 14] [outer = 000000B0BDED8000]
00:01:43 INFO -  => mShareCount:          10794
00:01:43 INFO - [2260] WARNING: NS_ENSURE_SUCCESS(rv, rv) failed with result 0x80004005: file c:/builds/moz2_slave/m-esr52-w64-d-0000000000000000/build/src/xpcom/base/nsSystemInfo.cpp, line 116
00:01:43 INFO - Running pre-action listener: _set_gcov_prefix
00:01:43 INFO - --DOMWINDOW == 8 (000000A141003800) [pid = 3952] [serial = 6] [outer = 0000000000000000] [url = about:blank]
00:01:43 INFO -  Installing collected packages: docopt, requests, blobuploader
00:01:43 INFO - TinderboxPrint: CPU system<br/>22.9 (1.4%)
00:01:44 INFO -  'TEST1': 'testie',
00:01:44 INFO - Running pre-action listener: _resource_record_pre_action
00:01:44 INFO - --DOCSHELL 000000A13A6DB800 == 1 [pid = 3952] [id = 1]
00:01:44 INFO -  'PROCESSOR_LEVEL': '6',
00:01:44 INFO -  'COMMONPROGRAMFILES(X86)': 'C:\\Program Files (x86)\\Common Files',
00:01:44 INFO - ++DOCSHELL 000000460D6A7800 == 4 [pid = 840] [id = 8]
00:01:44 INFO - TEST-INFO | Main app process: exit 0
00:01:44 INFO -  'PROMPT': '$P$G',
00:01:44 INFO -  'PROPERTIES_FILE': 'C:\\slave\\test/buildprops.json',
00:01:44 INFO -  'DNSSUFFIX': 'wintest.releng.scl3.mozilla.com',
00:01:45 INFO -  'SYSTEMROOT': 'C:\\windows',
00:01:45 INFO - TEST-START | dom/imptests/html/webgl/test_texSubImage2D.html
00:01:45 INFO - --DOCSHELL 000000763B20C800 == 0 [pid = 2596] [id = 3]
00:01:45 INFO - onClosed/<@resource://gre/modules/commonjs/toolkit/loader.js -> resource://devtools/server/main.js:1843:35
00:01:45 INFO - [Child 3752] WARNING: NS_ENSURE_SUCCESS(rv, rv) failed with result 0x80004005: file c:/builds/moz2_slave/m-esr52-w64-d-0000000000000000/build/src/xpcom/base/nsSystemInfo.cpp, line 116
00:01:45 INFO -  'COMMONPROGRAMFILES(X86)': 'C:\\Program Files (x86)\\Common Files',
00:01:45 INFO - --DOMWINDOW == 9 (000000D23BEC4800) [pid = 2712] [serial = 2] [outer = 0000000000000000] [url = about:blank]
00:01:45 INFO - [Parent 2596] WARNING: attempt to modify an immutable nsStandardURL: file c:/builds/moz2_slave/m-esr52-w64-d-0000000000000000/build/src/netwerk/base/nsStandardURL.cpp, line 1573
00:01:45 INFO -  Requirement already satisfied (use --upgrade to upgrade): moznetwork>=0.24 in c:\slave\test\build\venv\lib\site-packages (from mozdevice==0.48->-r C:\slave\test\build\tests\config\mozbase_requirements.txt (line 4))
00:01:46 INFO - Copy/paste: C:\slave\test\build\venv\Scripts\pip install --timeout 120 --no-index --find-links http://pypi.pvt.build.mozilla.org/pub --find-links http://pypi.pub.build.mozilla.org/pub --trusted-host pypi.pub.build.mozilla.org --trusted-host pypi.pvt.build.mozilla.org vcversioner==2.16.0.0
00:01:46 INFO - {
00:01:46 INFO -  Successfully installed mozsystemmonitor-0.3
00:01:46 INFO -  'MOZ_CRASHREPORTER_NO_REPORT': '1',
00:01:46 INFO - [Child 3752] WARNING: NS_ENSURE_SUCCESS(rv, rv) failed with result 0x80004005: file c:/builds/moz2_slave/m-esr52-w64-d-0000000000000000/build/src/toolkit/xre/nsXREDirProvider.cpp, line 1703
00:01:46 INFO -  'PROGRAMDATA': 'C:\\ProgramData',
00:01:46 INFO -    0 |TOTAL                                 |       39        0|   65692        0|
00:01:46 INFO - [2596] WARNING: NS_ENSURE_SUCCESS(rv, rv) failed with result 0x80004005: file c:/builds/moz2_slave/m-esr52-w64-d-0000000000000000/build/src/xpcom/base/nsSystemInfo.cpp, line 116
00:01:46 INFO - TEST-SKIP | dom/canvas/test/test_offscreencanvas_sizechange.html | took 0ms
00:01:46 INFO -  => Process ID: 2824, Thread ID: 3264
00:01:47 INFO -                                      'testsdir': 'mochitest'},
00:01:47 INFO - Application command: C:\slave\test\build\application\firefox\firefox.exe -marionette -foreground -profile c:\users\cltbld~1.001\appdata\local\temp\tmpy4ezam.mozrunner
00:01:47 INFO -  'PROCESSOR_ARCHITECTURE': 'x86',
00:01:47 INFO - --DOMWINDOW == 12 (000000C78C366800) [pid = 3536] [serial = 3] [outer = 0000000000000000] [url = resource://gre-resources/hiddenWindow.html]
00:01:47 INFO - --DOCSHELL 000000763B20C800 == 0 [pid = 2596] [id = 3]
00:01:47 INFO -  'virtualenv_modules': ('pypiwin32', 'six==1.10.0', 'vcversioner==2.16.0.0'),
00:01:47 INFO -                                                  '--log-errorsummary=%(error_summary_file)s',
00:01:47 INFO - nsTraceRefcnt::DumpStatistics: 901 entries
00:01:47 INFO -  'KTS_HOME': 'C:\\Program Files\\KTS',
00:01:47 INFO -  'SYSTEMDRIVE': 'C:',
00:01:48 INFO -  3 INFO Todo:    0
00:01:48 INFO - [Child 840] WARNING: NS_ENSURE_TRUE(ParseTypeAttribute(type, &version)) failed: file c:/builds/moz2_slave/m-esr52-w64-d-0000000000000000/build/src/dom/base/nsScriptLoader.cpp, line 1448
00:01:48 INFO -  u'mozbase': [u'firefox-52.8.2.en-US.win64.common.tests.zip'],
00:01:48 INFO -  'TEMP': 'C:\\Users\\CLTBLD~1.001\\AppData\\Local\\Temp',
00:01:48 INFO -  Successfully installed simplejson-3.3.0
00:01:48 INFO - ++DOMWINDOW == 9 (00000054EFC22000) [pid = 3604] [serial = 9] [outer = 0000000000000000]
00:01:48 INFO -  'PROGRAMFILES(X86)': 'C:\\Program Files (x86)',
00:01:48 INFO -  Collecting docopt==0.6.1 (from blobuploader==1.2.4)
00:01:48 INFO -  (blobuploader) - INFO - Done attempting.
00:01:49 INFO -                                                      '--metro-immersive'),
00:01:49 INFO -  'XPCOM_DEBUG_BREAK': 'warn'}
00:01:49 INFO -  'TMP': 'C:\\Users\\CLTBLD~1.001\\AppData\\Local\\Temp',
00:01:49 INFO - onClosed/<@resource://gre/modules/commonjs/toolkit/loader.js -> resource://devtools/server/main.js:1843:35
00:01:49 INFO - ++DOCSHELL 000000C78D80C000 == 3 [pid = 3536] [id = 3]
00:01:49 INFO - Initializing context 0000004617DBF000 surface 00000046160BBA00 on display 00000046171B00E0
00:01:49 INFO -                           'browser-chrome-addons': ('--flavor=browser',
00:01:49 INFO - [mozharness: 2018-06-09 23:56:34.677000Z] Running install step.
00:01:49 INFO -  'PROCESSOR_ARCHITECTURE': 'x86',
00:01:49 INFO - Initializing context 000000DF9B9BE000 surface 000000DF9B50AE00 on display 000000DF93D71BF0
00:01:50 INFO -  'PROMPT': '$P$G',
00:01:50 INFO - [Parent 3604] WARNING: pipe error: 109: file c:/builds/moz2_slave/m-esr52-w64-d-0000000000000000/build/src/ipc/chromium/src/chrome/common/ipc_channel_win.cc, line 345
00:01:50 INFO -  'OURDRIVE': 'C:',
00:01:50 INFO - retry: Calling run_command with args: [['C:\\slave\\test\\build\\venv\\Scripts\\pip', 'install', '--timeout', '120', '--no-index', '--find-links', 'http://pypi.pvt.build.mozilla.org/pub', '--find-links', 'http://pypi.pub.build.mozilla.org/pub', '--trusted-host', 'pypi.pub.build.mozilla.org', '--trusted-host', 'pypi.pvt.build.mozilla.org', 'simplejson']], kwargs: {'error_level': 'warning', 'error_list': [{'substr': 'not found or a compiler error:', 'level': 'warning'}, {'regex': <_sre.SRE_Pattern object at 0x022D23A0>, 'level': 'error'}, {'regex': <_sre.SRE_Pattern object at 0x023C2020>, 'level': 'warning'}, {'regex': <_sre.SRE_Pattern object at 0x0233D880>, 'level': 'debug'}, {'substr': 'command not found', 'level': 'error'}, {'regex': <_sre.SRE_Pattern object at 0x02374758>, 'level': 'warning'}, {'substr': 'Traceback (most recent call last)', 'level': 'error'}, {'substr': 'SyntaxError: ', 'level': 'error'}, {'substr': 'TypeError: ', 'level': 'error'}, {'substr': 'NameError: ', 'level': 'error'}, {'substr': 'ZeroDivisionError: ', 'level': 'error'}, {'regex': <_sre.SRE_Pattern object at 0x01DDAB20>, 'level': 'critical'}, {'regex': <_sre.SRE_Pattern object at 0x02392660>, 'level': 'critical'}], 'cwd': 'C:\\slave\\test\\build', 'env': {'TMP': 'C:\\Users\\CLTBLD~1.001\\AppData\\Local\\Temp', 'TEST1': 'testie', 'COMPUTERNAME': 'T-W864-IX-019', 'USERDOMAIN': 'T-W864-IX-019', 'KTS_VERSION': '1.19c', 'PSMODULEPATH': 'C:\\windows\\system32\\WindowsPowerShell\\v1.0\\Modules\\', 'COMMONPROGRAMFILES': 'C:\\Program Files (x86)\\Common Files', 'PROCESSOR_IDENTIFIER': 'Intel64 Family 6 Model 30 Stepping 5, GenuineIntel', 'PROGRAMFILES': 'C:\\Program Files (x86)', 'PROCESSOR_REVISION': '1e05', 'DNSSUFFIX': 'wintest.releng.scl3.mozilla.com', 'SYSTEMROOT': 'C:\\windows', 'NO_EM_RESTART': '1', 'PROGRAMFILES(X86)': 'C:\\Program Files (x86)', 'OURDRIVE': 'C:', 'MOZ_HIDE_RESULTS_TABLE': '1', 'XPCOM_DEBUG_BREAK': 'warn', 'MONDIR': 'C:\\Monitor_config\\', 'TEMP': 'C:\\Users\\CLTBLD~1.001\\AppData\\Local\\Temp', 'COMMONPROGRAMFILES(X86)': 'C:\\Program Files (x86)\\Common Files', 'RUNLOGFILE': 'C:\\slave\\\\runslave.log', 'PROCESSOR_ARCHITECTURE': 'x86', 'ALLUSERSPROFILE': 'C:\\ProgramData', 'USERPROFILE': 'C:\\Users\\cltbld.T-W864-IX-019.001', 'LOCALAPPDATA': 'C:\\Users\\cltbld.T-W864-IX-019.001\\AppData\\Local', 'HOMEPATH': '\\Users\\cltbld.T-W864-IX-019.001', 'USERDOMAIN_ROAMINGPROFILE': 'T-W864-IX-019', 'MOZBUILDDIR': 'C:\\mozilla-build\\', 'PROGRAMW6432': 'C:\\Program Files', 'USERNAME': 'cltbld', 'LOGONSERVER': '\\\\T-W864-IX-019', 'MOZ_NO_REMOTE': '1', 'COMSPEC': 'C:\\windows\\system32\\cmd.exe', 'PROGRAMDATA': 'C:\\ProgramData', 'PROPERTIES_FILE': 'C:\\slave\\test/buildprops.json', 'PATH': 'C:\\Program Files (x86)\\NVIDIA Corporation\\PhysX\\Common;C:\\windows\\system32;C:\\windows;C:\\windows\\System32\\Wbem;C:\\windows\\System32\\WindowsPowerShell\\v1.0\\;C:\\mozilla-build\\python27;C:\\mozilla-build\\python27\\Scripts;C:\\mozilla-build\\msys\\bin;C:\\mozilla-build\\vim\\vim72;C:\\mozilla-build\\wget;C:\\mozilla-build\\info-zip;C:\\CoreUtils\\bin;C:\\mozilla-build\\buildbotve\\scripts;C:\\mozilla-build\\hg', 'PROMPT': '$P$G', 'NO_FAIL_ON_TEST_ERRORS': '1', 'PATHEXT': '.COM;.EXE;.BAT;.CMD;.VBS;.VBE;.JS;.JSE;.WSF;.WSH;.MSC', 'FP_NO_HOST_CHECK': 'NO', 'DCLOCATION': 'SCL3', 'APPDATA': 'C:\\Users\\cltbld.T-W864-IX-019.001\\AppData\\Roaming', 'HOMEDRIVE': 'C:', 'SYSTEMDRIVE': 'C:', 'SLAVEDIR': 'C:\\slave\\', 'NUMBER_OF_PROCESSORS': '8', 'PWD': 'C:\\slave\\test', 'PROCESSOR_LEVEL': '6', 'KTS_HOME': 'C:\\Program Files\\KTS', 'PROCESSOR_ARCHITEW6432': 'AMD64', 'MOZ_CRASHREPORTER_NO_REPORT': '1', 'COMMONPROGRAMW6432': 'C:\\Program Files\\Common Files', 'OS': 'Windows_NT', 'PUBLIC': 'C:\\Users\\Public', 'WINDIR': 'C:\\windows'}}, attempt #1
00:01:50 INFO - TEST-PASS | leakcheck | tab process: no leaks detected!
00:01:50 INFO - [Parent 2260] WARNING: pipe error: 109: file c:/builds/moz2_slave/m-esr52-w64-d-0000000000000000/build/src/ipc/chromium/src/chrome/common/ipc_channel_win.cc, line 345
00:01:50 INFO - --DOCSHELL 000000B0B57A5000 == 1 [pid = 1284] [id = 8]
00:01:50 INFO - JavaScript warning: http://mochi.test:8888/tests/dom/canvas/test/crossorigin/test_video_crossorigin.html, line 93: Error: WebGL: texImage2D: Conversion requires pixel reformatting.
00:01:50 INFO - ++DOCSHELL 000000460D6A7800 == 4 [pid = 840] [id = 8]
00:01:50 INFO - --DOCSHELL 000000A141F11000 == 2 [pid = 3952] [id = 3]
00:01:51 INFO - Passed:  97
00:01:51 INFO - ### XPCOM_MEM_BLOAT_LOG defined -- logging bloat/leaks to c:\users\cltbld~1.001\appdata\local\temp\tmpy4ezam.mozrunner\runtests_leaks.log
00:01:51 INFO - --DOMWINDOW == 11 (000000B0B5934000) [pid = 1284] [serial = 22] [outer = 0000000000000000] [url = about:blank]
00:01:51 INFO - exports.makeInfallible/<@resource://gre/modules/commonjs/toolkit/loader.js -> resource://devtools/shared/ThreadSafeDevToolsUtils.js:101:14
00:01:51 INFO - JavaScript warning: http://mochi.test:8888/tests/dom/canvas/test/crossorigin/test_video_crossorigin.html, line 93: Error: WebGL: texImage2D: Failed to hit GPU-copy fast-path. Falling back to CPU upload.
00:01:51 INFO - --DOCSHELL 0000004610733000 == 4 [pid = 840] [id = 3]
00:01:51 INFO - Copy/paste: C:\slave\test\build\venv\Scripts\python -u C:\slave\test\build\tests\mochitest\runtests.py --appname=C:\slave\test\build\application\firefox\firefox.exe --utility-path=tests/bin --extra-profile-file=tests/bin/plugins --symbols-path=C:\slave\test\build\symbols --certificate-path=tests/certs --quiet --log-raw=C:\slave\test\build\blobber_upload_dir\browser-chrome-gpu_raw.log --log-errorsummary=C:\slave\test\build\blobber_upload_dir\browser-chrome-gpu_errorsummary.log --screenshot-on-fail --cleanup-crashes --log-raw=- --flavor=browser --subsuite=gpu
00:01:51 INFO - [Child 3752] WARNING: pipe error: 109: file c:/builds/moz2_slave/m-esr52-w64-d-0000000000000000/build/src/ipc/chromium/src/chrome/common/ipc_channel_win.cc, line 345
00:01:51 INFO -   Handler function threw an exception: TypeError: this.stopRecording is not a function
00:01:52 INFO - ++DOMWINDOW == 7 (000000A14100E000) [pid = 3952] [serial = 7] [outer = 000000A13A73A800]
00:01:52 INFO -  'PROCESSOR_LEVEL': '6',
00:01:52 INFO - ++DOMWINDOW == 4 (000000B0B4B64800) [pid = 1284] [serial = 4] [outer = 000000B0B4B63800]
00:01:52 INFO - ChildDebuggerTransport.prototype.close@resource://gre/modules/commonjs/toolkit/loader.js -> resource://devtools/shared/transport/transport.js:756:7
00:01:52 INFO - --DOMWINDOW == 13 (000000B0B6703800) [pid = 1284] [serial = 23] [outer = 0000000000000000] [url = chrome://mochitests/content/chrome/dom/canvas/test/chrome/test_webgl_debug_renderer_info.html]
00:01:52 INFO - [Parent 1292] WARNING: Failed to retarget HTML data delivery to the parser thread.: file c:/builds/moz2_slave/m-esr52-w64-d-0000000000000000/build/src/parser/html/nsHtml5StreamParser.cpp, line 970
00:01:52 INFO - [Child 636] WARNING: NS_ENSURE_SUCCESS(rv, rv) failed with result 0x80004005: file c:/builds/moz2_slave/m-esr52-w64-d-0000000000000000/build/src/toolkit/xre/nsXREDirProvider.cpp, line 1703
00:01:52 INFO - Initializing context 0000009C1B3F2000 surface 0000009C1B3310C0 on display 0000009C13C453D0
00:01:52 INFO -  'PROCESSOR_ARCHITEW6432': 'AMD64',
00:01:52 INFO -    Requirement already satisfied (use --upgrade to upgrade): mozdevice==0.48 from file:///C:/slave/test/build/tests/mozbase/mozdevice in c:\slave\test\build\venv\lib\site-packages (from -r C:\slave\test\build\tests\config\mozbase_requirements.txt (line 4))
00:01:53 INFO -  Processing c:\slave\test\build\tests\mozbase\mozversion
00:01:53 INFO -  'find_links': ('http://pypi.pvt.build.mozilla.org/pub',
00:01:53 INFO -  'LOCALAPPDATA': 'C:\\Users\\cltbld.T-W864-IX-019.001\\AppData\\Local',
00:01:53 INFO - ++DOCSHELL 00000091485F8000 == 5 [pid = 2492] [id = 5]
00:01:53 INFO - Buffered messages finished
00:01:53 INFO - runtests.py | Running tests: start.
00:01:53 INFO -  'PUBLIC': 'C:\\Users\\Public',
00:01:53 INFO - Using _rmtree_windows ...
00:01:53 INFO -  (blobuploader) - INFO - Iteration through files over.
00:01:53 INFO -  'MOZ_CRASHREPORTER_NO_REPORT': '1',
00:01:54 INFO - onClosed@resource://gre/modules/commonjs/toolkit/loader.js -> resource://devtools/server/main.js:1843:5
00:01:54 INFO -  'MOZ_NO_REMOTE': '1',
00:01:54 INFO - ++DOCSHELL 000000B1E6F1D800 == 3 [pid = 2260] [id = 3]
00:01:54 INFO - runtests.py | Server pid: 2132
00:01:54 INFO -  => mAdoptFreeCount:       2704
00:01:54 INFO -    Requirement already satisfied (use --upgrade to upgrade): mozdevice==0.48 from file:///C:/slave/test/build/tests/mozbase/mozdevice in c:\slave\test\build\venv\lib\site-packages (from -r C:\slave\test\build\tests\config\mozbase_requirements.txt (line 4))
00:01:54 INFO - [Parent 2596] WARNING: pipe error: 109: file c:/builds/moz2_slave/m-esr52-w64-d-0000000000000000/build/src/ipc/chromium/src/chrome/common/ipc_channel_win.cc, line 345
00:01:54 INFO -  [3192] WARNING: NS_ENSURE_SUCCESS(rv, rv) failed with result 0x80520012: file c:\builds\moz2_slave\m-esr52-w64-d-0000000000000000\build\src\netwerk\base\nsNetUtilInlines.h, line 180
00:01:54 INFO - ++DOMWINDOW == 11 (000000C7941BF000) [pid = 3536] [serial = 11] [outer = 000000C793D65800]
00:01:55 INFO - ==> process 2260 launched child process 3752 ("C:\slave\test\build\application\firefox\firefox.exe" -contentproc --channel="2260.0.287298597\209565238" -greomni "C:\slave\test\build\application\firefox\omni.ja" -appomni "C:\slave\test\build\application\firefox\browser\omni.ja" -appdir "C:\slave\test\build\application\firefox\browser"  2260 "\\.\pipe\gecko-crash-server-pipe.2260" tab)
00:01:55 INFO - ==> process 2260 launched child process 3752 ("C:\slave\test\build\application\firefox\firefox.exe" -contentproc --channel="2260.0.287298597\209565238" -greomni "C:\slave\test\build\application\firefox\omni.ja" -appomni "C:\slave\test\build\application\firefox\browser\omni.ja" -appdir "C:\slave\test\build\application\firefox\browser"  2260 "\\.\pipe\gecko-crash-server-pipe.2260" tab)
00:01:55 INFO -  'KTS_VERSION': '1.19c',
00:01:55 INFO -  'PROGRAMDATA': 'C:\\ProgramData',
00:01:55 INFO -  C:\slave\test\build\tests\bin\pk12util.exe: PKCS12 IMPORT SUCCESSFUL
00:01:55 INFO - --DOMWINDOW == 0 (0000004617D64800) [pid = 840] [serial = 34] [outer = 0000000000000000] [url = about:blank]
00:01:55 INFO -  'PWD': 'C:\\slave\\test',
00:01:55 INFO - SimpleTest FINISHED
00:01:55 INFO - [Child 804] WARNING: NS_ENSURE_SUCCESS(rv, rv) failed with result 0x80004005: file c:/builds/moz2_slave/m-esr52-w64-d-0000000000000000/build/src/toolkit/xre/nsXREDirProvider.cpp, line 1703
00:01:55 INFO -  'XPCOM_DEBUG_BREAK': 'warn'}
00:01:56 INFO -
00:01:56 INFO - Current package versions:
00:01:56 INFO -  'nodejs_tooltool_manifest_path': 'config/tooltool-manifests/win32/nodejs.manifest',
00:01:56 INFO -  => mAllocCount:          86626
00:01:56 INFO - --DOMWINDOW == 0 (000000DF9B7AB800) [pid = 296] [serial = 9] [outer = 0000000000000000] [url = http://mochi.test:8888/tests/SimpleTest/iframe-between-tests.html]
00:01:56 INFO -                                    'run_filename': 'test.py',
00:01:56 INFO -                                                 '--utility-path=tests/bin'),
00:01:56 INFO - ++DOMWINDOW == 22 (000000B0B5934000) [pid = 1284] [serial = 22] [outer = 000000B0B57A5800]
00:01:56 INFO -    Running setup.py install for moznetwork: started
00:01:56 INFO -  Collecting blobuploader==1.2.4
00:01:57 INFO - [mozharness: 2018-06-09 23:56:38.473000Z] Finished stage-files step (success)
00:01:57 INFO -  [3456] WARNING: Could not get the program name for a cubeb stream.: 'NS_SUCCEEDED(rv)', file c:/builds/moz2_slave/m-esr52-w64-d-0000000000000000/build/src/dom/media/CubebUtils.cpp, line 203
00:01:57 INFO -  => mAdoptCount:           8765
00:01:57 INFO - TEST-START | Shutdown
00:01:57 INFO - ++DOMWINDOW == 11 (000000E316F57800) [pid = 1292] [serial = 11] [outer = 000000E316C9B000]
00:01:57 INFO - TEST-SKIP | dom/canvas/test/test_offscreencanvas_sizechange.html | took 0ms
00:01:57 INFO -  'OS': 'Windows_NT',
00:01:57 INFO - runtests.py | Running tests: end.
00:01:57 INFO -  'NO_FAIL_ON_TEST_ERRORS': '1',
00:01:57 INFO -                                    'run_filename': 'test.py',
00:01:58 INFO -    Requirement already satisfied (use --upgrade to upgrade): moztest==0.8 from file:///C:/slave/test/build/tests/mozbase/moztest in c:\slave\test\build\venv\lib\site-packages (from -r C:\slave\test\build\tests\config\mozbase_requirements.txt (line 16))
00:01:58 INFO -  (blobuploader) - INFO - Uploading C:\slave\test\build\blobber_upload_dir\browser-chrome-gpu_errorsummary.log ...
00:01:58 INFO -  => Process ID: 2492, Thread ID: 1436
00:01:58 INFO - Copy/paste: C:\slave\test\build\venv\Scripts\pip freeze
00:01:58 INFO - Running post-run listener: copy_logs_to_upload_dir
00:01:58 INFO -    0 |TOTAL                                 |       34        0|  174119        0|
00:01:58 INFO - Copy/paste: C:\slave\test\build\venv\Scripts\pip install --timeout 120 -r C:\slave\test\build\tests\config\mozbase_requirements.txt --no-index --find-links http://pypi.pvt.build.mozilla.org/pub --find-links http://pypi.pub.build.mozilla.org/pub --trusted-host pypi.pub.build.mozilla.org --trusted-host pypi.pvt.build.mozilla.org
00:01:58 INFO - ++DOMWINDOW == 11 (000000C7941BF000) [pid = 3536] [serial = 11] [outer = 000000C793D65800]
00:01:58 INFO - Copy/paste: C:\slave\test\build\venv\Scripts\pip install --timeout 120 --no-index --find-links http://pypi.pvt.build.mozilla.org/pub --find-links http://pypi.pub.build.mozilla.org/pub --trusted-host pypi.pub.build.mozilla.org --trusted-host pypi.pvt.build.mozilla.org jsonschema==2.5.1
00:01:59 INFO - Installing pypiwin32 into virtualenv C:\slave\test\build\venv
00:01:59 INFO - --DOMWINDOW == 1 (000000C7941BF000) [pid = 3536] [serial = 11] [outer = 0000000000000000] [url = about:blank]
00:01:59 INFO -   functools32 == 3.2.3.post2
00:01:59 INFO -                                                 '--log-errorsummary=%(error_summary_file)s',
00:01:59 INFO -  mozprofile.addons WARNING | Could not install C:\slave\test\build\tests\mochitest\extensions\mozscreenshots: [Errno 2] No such file or directory: 'C:\\slave\\test\\build\\tests\\mochitest\\extensions\\mozscreenshots\\install.rdf'
00:01:59 INFO - --DOCSHELL 000000C792E54000 == 4 [pid = 3536] [id = 4]
00:01:59 INFO - SimpleTest FINISHED
00:01:59 INFO -  'COMPUTERNAME': 'T-W864-IX-019',
00:01:59 INFO -    Requirement already satisfied (use --upgrade to upgrade): mozversion==1.4 from file:///C:/slave/test/build/tests/mozbase/mozversion in c:\slave\test\build\venv\lib\site-packages (from -r C:\slave\test\build\tests\config\mozbase_requirements.txt (line 17))
00:01:59 INFO -  Processing c:\slave\test\build\tests\mozbase\mozscreenshot
00:02:00 INFO - ++DOMWINDOW == 2 (000000913E161800) [pid = 2492] [serial = 2] [outer = 000000913E160800]
00:02:00 INFO -  'KTS_VERSION': '1.19c',
00:02:00 INFO -  dir: dom/canvas/test/crossorigin
00:02:00 INFO - [1284] WARNING: NS_ENSURE_TRUE(layerManager) failed: file c:/builds/moz2_slave/m-esr52-w64-d-0000000000000000/build/src/dom/media/MediaDecoder.cpp, line 303
00:02:00 INFO -  'HOMEDRIVE': 'C:',
00:02:00 INFO -  'LOGONSERVER': '\\\\T-W864-IX-019',
00:02:00 INFO -
00:02:00 INFO - TEST-START | dom/canvas/test/test_offscreencanvas_sizechange.html
00:02:00 INFO -  'FP_NO_HOST_CHECK': 'NO',
00:02:00 INFO - TEST-SKIP | dom/canvas/test/test_offscreencanvas_toimagebitmap.html | took 0ms
00:02:01 INFO -  'specific_tests_zip_dirs': {'cppunittest': ('cppunittest/*',),
00:02:01 INFO -                          'xpcshell-addons': {'options': ('--xpcshell=%(abs_app_dir)s/xpcshell.exe',
00:02:01 INFO - ++DOCSHELL 000000460D6A7800 == 4 [pid = 840] [id = 8]
00:02:01 INFO -
00:02:01 INFO - --DOMWINDOW == 5 (000000E30F06B000) [pid = 1292] [serial = 3] [outer = 0000000000000000] [url = resource://gre-resources/hiddenWindow.html]
00:02:01 INFO - ++DOMWINDOW == 14 (000000B1E01AC800) [pid = 2260] [serial = 14] [outer = 0000000000000000]
00:02:01 INFO - --DOMWINDOW == 1 (0000007641BD6800) [pid = 2596] [serial = 11] [outer = 0000000000000000] [url = about:blank]
00:02:01 INFO - ++DOMWINDOW == 13 (000000E3176C9000) [pid = 1292] [serial = 13] [outer = 000000E313102800]
00:02:01 INFO -  'LOCALAPPDATA': 'C:\\Users\\cltbld.T-W864-IX-019.001\\AppData\\Local',
00:02:02 INFO -  'HOMEDRIVE': 'C:',
00:02:02 INFO -
00:02:02 INFO -  'COMPUTERNAME': 'T-W864-IX-019',
00:02:02 INFO - ++DOMWINDOW == 2 (0000004613D03800) [pid = 840] [serial = 2] [outer = 00000046106DE000]
00:02:02 INFO -  'HOMEDRIVE': 'C:',
00:02:02 INFO - Failed:  0
00:02:02 INFO - JavaScript warning: , line 0: Error: WebGL: getParameter: parameter: invalid enum value <enum 0x9246>
00:02:02 INFO -   txWS == 0.9.1
00:02:02 INFO - Setting buildbot property symbols_url to https://queue.taskcluster.net/v1/task/acVApQY7SSOE_FmIluQs4g/artifacts/public/build/firefox-52.8.2.en-US.win64.crashreporter-symbols.zip
00:02:02 INFO - via: 1.1 02192a27c967e955f8c815efa939bfc8.cloudfront.net (CloudFront)
00:02:03 INFO -  'USERDOMAIN': 'T-W864-IX-019',
00:02:03 INFO - ### XPCOM_MEM_BLOAT_LOG defined -- logging bloat/leaks to c:\users\cltbld~1.001\appdata\local\temp\tmpyldnxh.mozrunner\runtests_leaks.log
00:02:03 INFO -  'HOMEPATH': '\\Users\\cltbld.T-W864-IX-019.001',
00:02:03 INFO -  'PROGRAMFILES': 'C:\\Program Files (x86)',
00:02:03 INFO -  'MOZ_NO_REMOTE': '1',
00:02:03 INFO -  'MOZBUILDDIR': 'C:\\mozilla-build\\',
00:02:03 INFO - ++DOCSHELL 000000A13A739800 == 2 [pid = 3952] [id = 2]
00:02:03 INFO -  => mAllocCount:          33854
00:02:03 INFO - ++DOMWINDOW == 13 (00000054F17D6000) [pid = 3604] [serial = 13] [outer = 00000054EFC22000]
00:02:04 INFO - Buffered messages finished
00:02:04 INFO - --DOMWINDOW == 29 (000000461072B800) [pid = 840] [serial = 23] [outer = 0000000000000000] [url = about:blank]
00:02:04 INFO -  'PROCESSOR_LEVEL': '6',
00:02:04 INFO - JavaScript warning: http://mochi.test:8888/tests/dom/canvas/test/crossorigin/test_video_crossorigin.html, line 93: Error: WebGL: texImage2D: Cross-origin elements require CORS.
00:02:04 INFO -  'KTS_VERSION': '1.19c',
00:02:04 INFO -  'APPDATA': 'C:\\Users\\cltbld.T-W864-IX-019.001\\AppData\\Roaming',
00:02:04 INFO - Using env: {'ALLUSERSPROFILE': 'C:\\ProgramData',
00:02:04 INFO -    Running setup.py install for marionette-harness: started
00:02:04 INFO -  'SLAVEDIR': 'C:\\slave\\',
00:02:04 INFO - TEST-START | dom/imptests/html/webgl/test_compressedTexImage2D.html
00:02:05 INFO - ++DOCSHELL 0000007627B41800 == 1 [pid = 2596] [id = 1]
00:02:05 INFO - Copy/paste: C:\slave\test\build\venv\Scripts\python -u C:\slave\test\build\tests\mochitest\runtests.py --appname=C:\slave\test\build\application\firefox\firefox.exe --utility-path=tests/bin --extra-profile-file=tests/bin/plugins --symbols-path=C:\slave\test\build\symbols --certificate-path=tests/certs --quiet --log-raw=C:\slave\test\build\blobber_upload_dir\chrome-gpu_raw.log --log-errorsummary=C:\slave\test\build\blobber_upload_dir\chrome-gpu_errorsummary.log --screenshot-on-fail --cleanup-crashes --log-raw=- --flavor=chrome --subsuite=gpu
00:02:05 INFO - ++DOMWINDOW == 26 (000000B0B779F000) [pid = 1284] [serial = 26] [outer = 000000B0B6D36000]
00:02:05 INFO - ++DOCSHELL 000000C792E56000 == 5 [pid = 3536] [id = 5]
00:02:05 INFO - --DOMWINDOW == 20 (000000E316296800) [pid = 1292] [serial = 20] [outer = 0000000000000000] [url = about:blank]
00:02:05 INFO - Destroying context 0000004617708000 surface 00000046108D7D40 on display 00000046171B00E0
00:02:05 INFO - --DOCSHELL 000000B1EBFB0800 == 2 [pid = 2260] [id = 5]
00:02:05 INFO - Copy/paste: C:\slave\test\build\venv\Scripts\python -u C:\slave\test\build\tests\mochitest\runtests.py --appname=C:\slave\test\build\application\firefox\firefox.exe --utility-path=tests/bin --extra-profile-file=tests/bin/plugins --symbols-path=C:\slave\test\build\symbols --certificate-path=tests/certs --quiet --log-raw=C:\slave\test\build\blobber_upload_dir\browser-chrome-gpu_raw.log --log-errorsummary=C:\slave\test\build\blobber_upload_dir\browser-chrome-gpu_errorsummary.log --screenshot-on-fail --cleanup-crashes --log-raw=- --flavor=browser --subsuite=gpu
00:02:05 INFO - --DOCSHELL 000000A13A739800 == 0 [pid = 3952] [id = 2]
00:02:05 INFO - [Child 3952] WARNING: We can't support non-premultiplied alpha for video!: '(aSurfaceFlags & SFE_PREFER_NO_PREMULTIPLY_ALPHA) == 0', file c:/builds/moz2_slave/m-esr52-w64-d-0000000000000000/build/src/layout/base/nsLayoutUtils.cpp, line 7243
00:02:06 INFO -    0 |TOTAL                                 |       31        0|  289324        0|
00:02:06 INFO -  (blobuploader) - INFO - Uploading C:\slave\test\build\blobber_upload_dir\plain-gpu_errorsummary.log ...
00:02:06 INFO - [Child 3964] WARNING: NS_ENSURE_SUCCESS(rv, rv) failed with result 0x80004005: file c:/builds/moz2_slave/m-esr52-w64-d-0000000000000000/build/src/toolkit/xre/nsXREDirProvider.cpp, line 1703
00:02:06 INFO -  Processing c:\slave\test\build\tests\mozbase\mozdebug
00:02:06 INFO -  'PSMODULEPATH': 'C:\\windows\\system32\\WindowsPowerShell\\v1.0\\Modules\\',
00:02:06 INFO - TEST-OK | gfx/tests/mochitest/test_acceleration.html | took 1606ms
00:02:06 INFO - --DOMWINDOW == 0 (0000009C1B30C000) [pid = 3964] [serial = 8] [outer = 0000000000000000] [url = http://mochi.test:8888/tests/dom/canvas/test/test_bug1215072.html]
00:02:06 INFO - [Parent 2596] WARNING: pipe error: 109: file c:/builds/moz2_slave/m-esr52-w64-d-0000000000000000/build/src/ipc/chromium/src/chrome/common/ipc_channel_win.cc, line 345
00:02:06 INFO - --DOMWINDOW == 7 (000000E3107BC800) [pid = 1292] [serial = 14] [outer = 0000000000000000] [url = chrome://mochikit/content/browser-harness.xul]
00:02:07 INFO - [1284] WARNING: getting z level of unregistered window: file c:/builds/moz2_slave/m-esr52-w64-d-0000000000000000/build/src/xpfe/appshell/nsWindowMediator.cpp, line 623
00:02:07 INFO - --DOCSHELL 00000076406B3800 == 4 [pid = 2596] [id = 4]
00:02:07 INFO -    Running setup.py install for moztest: started
00:02:07 INFO -  'MOZ_HIDE_RESULTS_TABLE': '1',
00:02:07 INFO - retry: Calling run_command with args: [['C:\\slave\\test\\build\\venv\\Scripts\\pip', 'install', '--timeout', '120', '--no-index', '--find-links', 'http://pypi.pvt.build.mozilla.org/pub', '--find-links', 'http://pypi.pub.build.mozilla.org/pub', '--trusted-host', 'pypi.pub.build.mozilla.org', '--trusted-host', 'pypi.pvt.build.mozilla.org', 'mozsystemmonitor==0.3']], kwargs: {'error_level': 'warning', 'error_list': [{'substr': 'not found or a compiler error:', 'level': 'warning'}, {'regex': <_sre.SRE_Pattern object at 0x022D23A0>, 'level': 'error'}, {'regex': <_sre.SRE_Pattern object at 0x023C2020>, 'level': 'warning'}, {'regex': <_sre.SRE_Pattern object at 0x0233D880>, 'level': 'debug'}, {'substr': 'command not found', 'level': 'error'}, {'regex': <_sre.SRE_Pattern object at 0x02374758>, 'level': 'warning'}, {'substr': 'Traceback (most recent call last)', 'level': 'error'}, {'substr': 'SyntaxError: ', 'level': 'error'}, {'substr': 'TypeError: ', 'level': 'error'}, {'substr': 'NameError: ', 'level': 'error'}, {'substr': 'ZeroDivisionError: ', 'level': 'error'}, {'regex': <_sre.SRE_Pattern object at 0x01DDAB20>, 'level': 'critical'}, {'regex': <_sre.SRE_Pattern object at 0x02392660>, 'level': 'critical'}], 'cwd': 'C:\\slave\\test\\build', 'env': {'TMP': 'C:\\Users\\CLTBLD~1.001\\AppData\\Local\\Temp', 'TEST1': 'testie', 'COMPUTERNAME': 'T-W864-IX-019', 'USERDOMAIN': 'T-W864-IX-019', 'KTS_VERSION': '1.19c', 'PSMODULEPATH': 'C:\\windows\\system32\\WindowsPowerShell\\v1.0\\Modules\\', 'COMMONPROGRAMFILES': 'C:\\Program Files (x86)\\Common Files', 'PROCESSOR_IDENTIFIER': 'Intel64 Family 6 Model 30 Stepping 5, GenuineIntel', 'PROGRAMFILES': 'C:\\Program Files (x86)', 'PROCESSOR_REVISION': '1e05', 'DNSSUFFIX': 'wintest.releng.scl3.mozilla.com', 'SYSTEMROOT': 'C:\\windows', 'NO_EM_RESTART': '1', 'PROGRAMFILES(X86)': 'C:\\Program Files (x86)', 'OURDRIVE': 'C:', 'MOZ_HIDE_RESULTS_TABLE': '1', 'XPCOM_DEBUG_BREAK': 'warn', 'MONDIR': 'C:\\Monitor_config\\', 'TEMP': 'C:\\Users\\CLTBLD~1.001\\AppData\\Local\\Temp', 'COMMONPROGRAMFILES(X86)': 'C:\\Program Files (x86)\\Common Files', 'RUNLOGFILE': 'C:\\slave\\\\runslave.log', 'PROCESSOR_ARCHITECTURE': 'x86', 'ALLUSERSPROFILE': 'C:\\ProgramData', 'USERPROFILE': 'C:\\Users\\cltbld.T-W864-IX-019.001', 'LOCALAPPDATA': 'C:\\Users\\cltbld.T-W864-IX-019.001\\AppData\\Local', 'HOMEPATH': '\\Users\\cltbld.T-W864-IX-019.001', 'USERDOMAIN_ROAMINGPROFILE': 'T-W864-IX-019', 'MOZBUILDDIR': 'C:\\mozilla-build\\', 'PROGRAMW6432': 'C:\\Program Files', 'USERNAME': 'cltbld', 'LOGONSERVER': '\\\\T-W864-IX-019', 'MOZ_NO_REMOTE': '1', 'COMSPEC': 'C:\\windows\\system32\\cmd.exe', 'PROGRAMDATA': 'C:\\ProgramData', 'PROPERTIES_FILE': 'C:\\slave\\test/buildprops.json', 'PATH': 'C:\\Program Files (x86)\\NVIDIA Corporation\\PhysX\\Common;C:\\windows\\system32;C:\\windows;C:\\windows\\System32\\Wbem;C:\\windows\\System32\\WindowsPowerShell\\v1.0\\;C:\\mozilla-build\\python27;C:\\mozilla-build\\python27\\Scripts;C:\\mozilla-build\\msys\\bin;C:\\mozilla-build\\vim\\vim72;C:\\mozilla-build\\wget;C:\\mozilla-build\\info-zip;C:\\CoreUtils\\bin;C:\\mozilla-build\\buildbotve\\scripts;C:\\mozilla-build\\hg', 'PROMPT': '$P$G', 'NO_FAIL_ON_TEST_ERRORS': '1', 'PATHEXT': '.COM;.EXE;.BAT;.CMD;.VBS;.VBE;.JS;.JSE;.WSF;.WSH;.MSC', 'FP_NO_HOST_CHECK': 'NO', 'DCLOCATION': 'SCL3', 'APPDATA': 'C:\\Users\\cltbld.T-W864-IX-019.001\\AppData\\Roaming', 'HOMEDRIVE': 'C:', 'SYSTEMDRIVE': 'C:', 'SLAVEDIR': 'C:\\slave\\', 'NUMBER_OF_PROCESSORS': '8', 'PWD': 'C:\\slave\\test', 'PROCESSOR_LEVEL': '6', 'KTS_HOME': 'C:\\Program Files\\KTS', 'PROCESSOR_ARCHITEW6432': 'AMD64', 'MOZ_CRASHREPORTER_NO_REPORT': '1', 'COMMONPROGRAMW6432': 'C:\\Program Files\\Common Files', 'OS': 'Windows_NT', 'PUBLIC': 'C:\\Users\\Public', 'WINDIR': 'C:\\windows'}}, attempt #1
00:02:07 INFO - Running command: ['C:\\slave\\test\\build\\venv\\Scripts\\pip', 'install', '--timeout', '120', '-r', 'C:\\slave\\test\\build\\tests\\config\\mozbase_requirements.txt', '--no-index', '--find-links', 'http://pypi.pvt.build.mozilla.org/pub', '--find-links', 'http://pypi.pub.build.mozilla.org/pub', '--trusted-host', 'pypi.pub.build.mozilla.org', '--trusted-host', 'pypi.pvt.build.mozilla.org'] in C:\slave\test\build\tests\config
00:02:07 INFO -  'FP_NO_HOST_CHECK': 'NO',
00:02:07 INFO -  [328] WARNING: NS_ENSURE_SUCCESS(rv, rv) failed with result 0x80520012: file c:\builds\moz2_slave\m-esr52-w64-d-0000000000000000\build\src\netwerk\base\nsNetUtilInlines.h, line 180
00:02:07 INFO -
00:02:07 INFO -  'NO_FAIL_ON_TEST_ERRORS': '1',
00:02:08 INFO -                                      'testsdir': 'mochitest'},
00:02:08 INFO - --DOMWINDOW == 8 (000000B0B9D0A000) [pid = 1284] [serial = 10] [outer = 0000000000000000] [url = chrome://gfxsanity/content/sanitytest.html]
00:02:08 INFO -  Couldn't convert chrome URL: chrome://branding/locale/brand.properties
00:02:08 INFO - ++DOMWINDOW == 5 (000000B1E6F1E000) [pid = 2260] [serial = 5] [outer = 0000000000000000]
00:02:08 INFO - nsStringStats
00:02:08 INFO - Application command: C:\slave\test\build\application\firefox\firefox.exe -marionette -foreground -profile c:\users\cltbld~1.001\appdata\local\temp\tmpcinrn0.mozrunner
00:02:08 INFO - [Parent 3536] WARNING: NS_ENSURE_TRUE(maybeContext) failed: file c:/builds/moz2_slave/m-esr52-w64-d-0000000000000000/build/src/xpcom/threads/nsThread.cpp, line 977
00:02:08 INFO - --DOMWINDOW == 4 (000000D2433B8000) [pid = 2712] [serial = 7] [outer = 0000000000000000] [url = http://mochi.test:8888/tests?autorun=1&closeWhenDone=1&consoleLevel=INFO&hideResultsTable=1&manifestFile=tests.json&dumpOutputDirectory=c%3A%5Cusers%5Ccltbld%7E1.001%5Cappdata%5Clocal%5Ctemp]
00:02:08 INFO - Copy/paste: C:\slave\test\build\venv\Scripts\python -u C:\slave\test\build\tests\mochitest\runtests.py --appname=C:\slave\test\build\application\firefox\firefox.exe --utility-path=tests/bin --extra-profile-file=tests/bin/plugins --symbols-path=C:\slave\test\build\symbols --certificate-path=tests/certs --quiet --log-raw=C:\slave\test\build\blobber_upload_dir\browser-chrome-gpu_raw.log --log-errorsummary=C:\slave\test\build\blobber_upload_dir\browser-chrome-gpu_errorsummary.log --screenshot-on-fail --cleanup-crashes --log-raw=- --flavor=browser --subsuite=gpu
00:02:08 INFO - --DOMWINDOW == 10 (0000007639D68000) [pid = 2596] [serial = 4] [outer = 0000000000000000] [url = about:blank]
00:02:09 INFO -  2 INFO Failed:  0
00:02:09 INFO - ++DOMWINDOW == 13 (000000C793820800) [pid = 3536] [serial = 13] [outer = 000000C792E56800]
00:02:09 INFO -
00:02:09 INFO - ++DOMWINDOW == 3 (000000B1E5A66000) [pid = 2260] [serial = 3] [outer = 0000000000000000]
00:02:09 INFO - ++DOMWINDOW == 9 (000000A13A547000) [pid = 3952] [serial = 12] [outer = 000000A13A73A800]
00:02:09 INFO -  'append_to_log': False,
00:02:09 INFO - --DOCSHELL 000000D23F559000 == 1 [pid = 2712] [id = 2]
00:02:09 INFO -  Installing collected packages: twisted, txws, ipaddr, passlib
00:02:09 INFO -  Processing c:\slave\test\build\tests\mozbase\mozhttpd
00:02:10 INFO -  'COMPUTERNAME': 'T-W864-IX-019',
00:02:10 INFO - TEST-START | dom/canvas/test/test_offscreencanvas_neuter.html
00:02:10 INFO -  => mAdoptFreeCount:        748
00:02:10 INFO - --DOMWINDOW == 13 (000000B0B6703800) [pid = 1284] [serial = 23] [outer = 0000000000000000] [url = chrome://mochitests/content/chrome/dom/canvas/test/chrome/test_webgl_debug_renderer_info.html]
00:02:10 INFO - Initializing context 0000004617DBF000 surface 00000046160BBA00 on display 00000046171B00E0
00:02:10 INFO - Running post-run listener: copy_logs_to_upload_dir
00:02:10 INFO -    Requirement already satisfied (use --upgrade to upgrade): mozlog==3.4 from file:///C:/slave/test/build/tests/mozbase/mozlog in c:\slave\test\build\venv\lib\site-packages (from -r C:\slave\test\build\tests\config\mozbase_requirements.txt (line 10))
00:02:10 INFO -  'PUBLIC': 'C:\\Users\\Public',
00:02:10 INFO - retry: Calling run_command with args: [['C:\\slave\\test\\build\\venv\\Scripts\\pip', 'install', '--timeout', '120', '--no-index', '--find-links', 'http://pypi.pvt.build.mozilla.org/pub', '--find-links', 'http://pypi.pub.build.mozilla.org/pub', '--trusted-host', 'pypi.pub.build.mozilla.org', '--trusted-host', 'pypi.pvt.build.mozilla.org', 'pip>=1.5']], kwargs: {'error_level': 'warning', 'error_list': [{'substr': 'not found or a compiler error:', 'level': 'warning'}, {'regex': <_sre.SRE_Pattern object at 0x022D23A0>, 'level': 'error'}, {'regex': <_sre.SRE_Pattern object at 0x023C2020>, 'level': 'warning'}, {'regex': <_sre.SRE_Pattern object at 0x0233D880>, 'level': 'debug'}, {'substr': 'command not found', 'level': 'error'}, {'regex': <_sre.SRE_Pattern object at 0x02374758>, 'level': 'warning'}, {'substr': 'Traceback (most recent call last)', 'level': 'error'}, {'substr': 'SyntaxError: ', 'level': 'error'}, {'substr': 'TypeError: ', 'level': 'error'}, {'substr': 'NameError: ', 'level': 'error'}, {'substr': 'ZeroDivisionError: ', 'level': 'error'}, {'regex': <_sre.SRE_Pattern object at 0x01DDAB20>, 'level': 'critical'}, {'regex': <_sre.SRE_Pattern object at 0x02392660>, 'level': 'critical'}], 'cwd': 'C:\\slave\\test\\build', 'env': {'TMP': 'C:\\Users\\CLTBLD~1.001\\AppData\\Local\\Temp', 'TEST1': 'testie', 'COMPUTERNAME': 'T-W864-IX-019', 'USERDOMAIN': 'T-W864-IX-019', 'KTS_VERSION': '1.19c', 'PSMODULEPATH': 'C:\\windows\\system32\\WindowsPowerShell\\v1.0\\Modules\\', 'COMMONPROGRAMFILES': 'C:\\Program Files (x86)\\Common Files', 'PROCESSOR_IDENTIFIER': 'Intel64 Family 6 Model 30 Stepping 5, GenuineIntel', 'PROGRAMFILES': 'C:\\Program Files (x86)', 'PROCESSOR_REVISION': '1e05', 'DNSSUFFIX': 'wintest.releng.scl3.mozilla.com', 'SYSTEMROOT': 'C:\\windows', 'NO_EM_RESTART': '1', 'PROGRAMFILES(X86)': 'C:\\Program Files (x86)', 'OURDRIVE': 'C:', 'MOZ_HIDE_RESULTS_TABLE': '1', 'XPCOM_DEBUG_BREAK': 'warn', 'MONDIR': 'C:\\Monitor_config\\', 'TEMP': 'C:\\Users\\CLTBLD~1.001\\AppData\\Local\\Temp', 'COMMONPROGRAMFILES(X86)': 'C:\\Program Files (x86)\\Common Files', 'RUNLOGFILE': 'C:\\slave\\\\runslave.log', 'PROCESSOR_ARCHITECTURE': 'x86', 'ALLUSERSPROFILE': 'C:\\ProgramData', 'USERPROFILE': 'C:\\Users\\cltbld.T-W864-IX-019.001', 'LOCALAPPDATA': 'C:\\Users\\cltbld.T-W864-IX-019.001\\AppData\\Local', 'HOMEPATH': '\\Users\\cltbld.T-W864-IX-019.001', 'USERDOMAIN_ROAMINGPROFILE': 'T-W864-IX-019', 'MOZBUILDDIR': 'C:\\mozilla-build\\', 'PROGRAMW6432': 'C:\\Program Files', 'USERNAME': 'cltbld', 'LOGONSERVER': '\\\\T-W864-IX-019', 'MOZ_NO_REMOTE': '1', 'COMSPEC': 'C:\\windows\\system32\\cmd.exe', 'PROGRAMDATA': 'C:\\ProgramData', 'PROPERTIES_FILE': 'C:\\slave\\test/buildprops.json', 'PATH': 'C:\\Program Files (x86)\\NVIDIA Corporation\\PhysX\\Common;C:\\windows\\system32;C:\\windows;C:\\windows\\System32\\Wbem;C:\\windows\\System32\\WindowsPowerShell\\v1.0\\;C:\\mozilla-build\\python27;C:\\mozilla-build\\python27\\Scripts;C:\\mozilla-build\\msys\\bin;C:\\mozilla-build\\vim\\vim72;C:\\mozilla-build\\wget;C:\\mozilla-build\\info-zip;C:\\CoreUtils\\bin;C:\\mozilla-build\\buildbotve\\scripts;C:\\mozilla-build\\hg', 'PROMPT': '$P$G', 'NO_FAIL_ON_TEST_ERRORS': '1', 'PATHEXT': '.COM;.EXE;.BAT;.CMD;.VBS;.VBE;.JS;.JSE;.WSF;.WSH;.MSC', 'FP_NO_HOST_CHECK': 'NO', 'DCLOCATION': 'SCL3', 'APPDATA': 'C:\\Users\\cltbld.T-W864-IX-019.001\\AppData\\Roaming', 'HOMEDRIVE': 'C:', 'SYSTEMDRIVE': 'C:', 'SLAVEDIR': 'C:\\slave\\', 'NUMBER_OF_PROCESSORS': '8', 'PWD': 'C:\\slave\\test', 'PROCESSOR_LEVEL': '6', 'KTS_HOME': 'C:\\Program Files\\KTS', 'PROCESSOR_ARCHITEW6432': 'AMD64', 'MOZ_CRASHREPORTER_NO_REPORT': '1', 'COMMONPROGRAMW6432': 'C:\\Program Files\\Common Files', 'OS': 'Windows_NT', 'PUBLIC': 'C:\\Users\\Public', 'WINDIR': 'C:\\windows'}}, attempt #1
00:02:10 INFO -  => mAdoptCount:           6131
00:02:11 INFO - runtests.py | Application pid: 1292
00:02:11 INFO -  => mFreeCount:          120109
00:02:11 INFO - JavaScript warning: http://mochi.test:8888/chrome/dom/canvas/test/chrome/nonchrome_webgl_debug_renderer_info.html, line 71: Error: WebGL: getParameter: parameter: invalid enum value <enum 0x9245>
00:02:11 INFO -  'WINDIR': 'C:\\windows',
00:02:11 INFO - JavaScript warning: http://mochi.test:8888/tests/dom/canvas/test/crossorigin/test_webgl_crossorigin_textures.html, line 48: Error: WebGL: texImage2D: Cross-origin elements require CORS.
00:02:11 INFO -  'PROCESSOR_REVISION': '1e05',
00:02:11 INFO - JavaScript warning: http://mochi.test:8888/tests/dom/canvas/test/crossorigin/test_video_crossorigin.html, line 93: Error: WebGL: texImage2D: Conversion requires pixel reformatting.
00:02:11 INFO -  => mAllocCount:          15692
00:02:11 INFO - --DOMWINDOW == 0 (0000009C1B30C000) [pid = 3964] [serial = 8] [outer = 0000000000000000] [url = http://mochi.test:8888/tests/dom/canvas/test/test_bug1215072.html]
00:02:11 INFO - TEST-INFO | Main app process: exit 0
00:02:12 INFO - ++DOMWINDOW == 30 (000000B0AE722800) [pid = 1284] [serial = 30] [outer = 0000000000000000]
00:02:12 INFO -  [3688] WARNING: Could not get the program name for a cubeb stream.: 'NS_SUCCEEDED(rv)', file c:/builds/moz2_slave/m-esr52-w64-d-0000000000000000/build/src/dom/media/CubebUtils.cpp, line 203
00:02:12 INFO -  'PROMPT': '$P$G',
00:02:12 INFO - [mozharness: 2018-06-09 23:56:38.473000Z] Running run-tests step.
00:02:12 INFO - --DOMWINDOW == 14 (000000B0B6D36000) [pid = 1284] [serial = 24] [outer = 0000000000000000] [url = http://mochi.test:8888/chrome/dom/canvas/test/chrome/nonchrome_webgl_debug_renderer_info.html]
00:02:12 INFO -  Installing collected packages: simplejson
00:02:12 INFO -                        'mozbase': {'options': ('-b', '%(binary_path)s'),
00:02:12 INFO -  => mShareCount:         105536
00:02:12 INFO -  'RUNLOGFILE': 'C:\\slave\\\\runslave.log',
00:02:12 INFO -   six == 1.10.0
00:02:13 INFO - --DOMWINDOW == 15 (000000DF9BDA9800) [pid = 296] [serial = 18] [outer = 0000000000000000] [url = about:blank]
00:02:13 INFO -                             'tools/*'),
00:02:13 INFO -  'SYSTEMROOT': 'C:\\windows',
00:02:13 INFO -  'MOZ_HIDE_RESULTS_TABLE': '1',
00:02:13 INFO -  'TEST1': 'testie',
00:02:13 INFO -  Collecting blessings>=1.3 (from mozlog==3.4->-r C:\slave\test\build\tests\config\mozbase_requirements.txt (line 10))
00:02:13 INFO -  'COMPUTERNAME': 'T-W864-IX-019',
00:02:13 INFO - nsStringStats
